<?xml version="1.0" encoding="utf-8"?>
<TestRun id="c90aada6-dbaa-4b9d-a5bc-6785a6de357a" name="@4a32618f3f87 2026-08-12 16:17:01" xmlns="http://microsoft.com/schemas/VisualStudio/TeamTest/2010">
  <Times creation="2026-08-12T16:17:01.5792995+00:00" queuing="2026-08-12T16:17:01.5792997+00:00" start="2026-08-12T16:16:51.3458729+00:00" finish="2026-08-12T16:18:19.6740521+00:00" />
  <TestSettings name="default" id="f7b87fba-f3ae-4f91-a11d-2bdec13c77ed">
    <Deployment runDeploymentRoot="_4a32618f3f87_2026-08-12_16_17_01" />
  </TestSettings>
  <Results>
    <UnitTestResult executionId="245cd4e7-01f1-481f-903c-d79b184eb40a" testId="a9cb4921-a952-e48f-b496-bac256a186b8" testName="Quotes.Tests.Integration.SqlServerAuthEndpointsTests.Refresh_AfterFakeClockAdvancesPastExpiry_ReturnsUnauthorized" computerName="4a32618f3f87" duration="00:00:00.0010000" startTime="2026-08-12T16:18:18.0858808+00:00" endTime="2026-08-12T16:18:18.0861456+00:00" testType="13cdc9d9-ddb5-4fa4-a97d-d965ccfc6d4b" outcome="Failed" testListId="8c84fa94-04c1-424b-9868-57a2d4851a1d" relativeResultsDirectory="245cd4e7-01f1-481f-903c-d79b184eb40a">
      <Output>
        <ErrorInfo>
          <Message>Microsoft.Data.SqlClient.SqlException : A network-related or instance-specific error occurred while establishing a connection to SQL Server. The server was not found or was not accessible. Verify that the instance name is correct and that SQL Server is configured to allow remote connections. (provider: TCP Provider, error: 35 - An internal exception was caught)
---- System.Net.Sockets.SocketException : Success</Message>
          <StackTrace>   at Microsoft.Data.SqlClient.ConnectionPool.WaitHandleDbConnectionPool.TryGetConnection(DbConnection owningObject, UInt32 waitForMultipleObjectsTimeout, Boolean allowCreate, Boolean onlyOneCheckConnection, DbConnectionOptions userOptions, DbConnectionInternal&amp; connection)
   at Microsoft.Data.SqlClient.ConnectionPool.WaitHandleDbConnectionPool.TryGetConnection(DbConnection owningObject, TaskCompletionSource`1 taskCompletionSource, DbConnectionOptions userOptions, DbConnectionInternal&amp; connection)
   at Microsoft.Data.ProviderBase.DbConnectionFactory.TryGetConnection(DbConnection owningConnection, TaskCompletionSource`1 retry, DbConnectionOptions userOptions, DbConnectionInternal oldConnection, DbConnectionInternal&amp; connection)
   at Microsoft.Data.ProviderBase.DbConnectionInternal.TryOpenConnectionInternal(DbConnection outerConnection, DbConnectionFactory connectionFactory, TaskCompletionSource`1 retry, DbConnectionOptions userOptions)
   at Microsoft.Data.ProviderBase.DbConnectionClosed.TryOpenConnection(DbConnection outerConnection, DbConnectionFactory connectionFactory, TaskCompletionSource`1 retry, DbConnectionOptions userOptions)
   at Microsoft.Data.SqlClient.SqlConnection.TryOpen(TaskCompletionSource`1 retry, SqlConnectionOverrides overrides)
   at Microsoft.Data.SqlClient.SqlConnection.InternalOpenAsync(SqlConnectionOverrides overrides, CancellationToken cancellationToken)
--- End of stack trace from previous location ---
   at Quotes.Tests.Integration.SqlServerContainerFixture.CreateDatabaseAsync(String databaseName) in /workspace/Day -3/Quotes.Tests.Integration/SqlServerContainerFixture.cs:line 31
   at Quotes.Tests.Integration.SqlServerContainerFixture.CreateDatabaseAsync(String databaseName) in /workspace/Day -3/Quotes.Tests.Integration/SqlServerContainerFixture.cs:line 42
   at Quotes.Tests.Integration.SqlServerIntegrationTestBase.InitializeAsync() in /workspace/Day -3/Quotes.Tests.Integration/SqlServerIntegrationTestBase.cs:line 42
----- Inner Stack Trace -----
   at Microsoft.Data.SqlClient.ManagedSni.SniTcpHandle.Connect(String serverName, Int32 port, TimeoutTimer timeout, SqlConnectionIPAddressPreference ipPreference, String cachedFQDN, SQLDNSInfo&amp; pendingDNSInfo)
   at Microsoft.Data.SqlClient.ManagedSni.SniTcpHandle..ctor(String serverName, Int32 port, TimeoutTimer timeout, Boolean parallel, SqlConnectionIPAddressPreference ipPreference, String cachedFQDN, SQLDNSInfo&amp; pendingDNSInfo, Boolean tlsFirst, String hostNameInCertificate, String serverCertificateFilename)</StackTrace>
        </ErrorInfo>
      </Output>
    </UnitTestResult>
    <UnitTestResult executionId="2e512dce-58ce-4b2c-9ba4-a6464f1a143e" testId="66f7c161-b787-a9e2-2174-493419ede01e" testName="Quotes.Tests.Integration.SqlServerQuoteEndpointsTests.GetQuotes_ReturnsOkAndIncludesCreatedQuote" computerName="4a32618f3f87" duration="00:00:00.0010000" startTime="2026-08-12T16:18:18.0757109+00:00" endTime="2026-08-12T16:18:18.0759093+00:00" testType="13cdc9d9-ddb5-4fa4-a97d-d965ccfc6d4b" outcome="Failed" testListId="8c84fa94-04c1-424b-9868-57a2d4851a1d" relativeResultsDirectory="2e512dce-58ce-4b2c-9ba4-a6464f1a143e">
      <Output>
        <ErrorInfo>
          <Message>Microsoft.Data.SqlClient.SqlException : A network-related or instance-specific error occurred while establishing a connection to SQL Server. The server was not found or was not accessible. Verify that the instance name is correct and that SQL Server is configured to allow remote connections. (provider: TCP Provider, error: 35 - An internal exception was caught)
---- System.Net.Sockets.SocketException : Success</Message>
          <StackTrace>   at Microsoft.Data.SqlClient.ConnectionPool.WaitHandleDbConnectionPool.TryGetConnection(DbConnection owningObject, UInt32 waitForMultipleObjectsTimeout, Boolean allowCreate, Boolean onlyOneCheckConnection, DbConnectionOptions userOptions, DbConnectionInternal&amp; connection)
   at Microsoft.Data.SqlClient.ConnectionPool.WaitHandleDbConnectionPool.TryGetConnection(DbConnection owningObject, TaskCompletionSource`1 taskCompletionSource, DbConnectionOptions userOptions, DbConnectionInternal&amp; connection)
   at Microsoft.Data.ProviderBase.DbConnectionFactory.TryGetConnection(DbConnection owningConnection, TaskCompletionSource`1 retry, DbConnectionOptions userOptions, DbConnectionInternal oldConnection, DbConnectionInternal&amp; connection)
   at Microsoft.Data.ProviderBase.DbConnectionInternal.TryOpenConnectionInternal(DbConnection outerConnection, DbConnectionFactory connectionFactory, TaskCompletionSource`1 retry, DbConnectionOptions userOptions)
   at Microsoft.Data.ProviderBase.DbConnectionClosed.TryOpenConnection(DbConnection outerConnection, DbConnectionFactory connectionFactory, TaskCompletionSource`1 retry, DbConnectionOptions userOptions)
   at Microsoft.Data.SqlClient.SqlConnection.TryOpen(TaskCompletionSource`1 retry, SqlConnectionOverrides overrides)
   at Microsoft.Data.SqlClient.SqlConnection.InternalOpenAsync(SqlConnectionOverrides overrides, CancellationToken cancellationToken)
--- End of stack trace from previous location ---
   at Quotes.Tests.Integration.SqlServerContainerFixture.CreateDatabaseAsync(String databaseName) in /workspace/Day -3/Quotes.Tests.Integration/SqlServerContainerFixture.cs:line 31
   at Quotes.Tests.Integration.SqlServerContainerFixture.CreateDatabaseAsync(String databaseName) in /workspace/Day -3/Quotes.Tests.Integration/SqlServerContainerFixture.cs:line 42
   at Quotes.Tests.Integration.SqlServerIntegrationTestBase.InitializeAsync() in /workspace/Day -3/Quotes.Tests.Integration/SqlServerIntegrationTestBase.cs:line 42
----- Inner Stack Trace -----
   at Microsoft.Data.SqlClient.ManagedSni.SniTcpHandle.Connect(String serverName, Int32 port, TimeoutTimer timeout, SqlConnectionIPAddressPreference ipPreference, String cachedFQDN, SQLDNSInfo&amp; pendingDNSInfo)
   at Microsoft.Data.SqlClient.ManagedSni.SniTcpHandle..ctor(String serverName, Int32 port, TimeoutTimer timeout, Boolean parallel, SqlConnectionIPAddressPreference ipPreference, String cachedFQDN, SQLDNSInfo&amp; pendingDNSInfo, Boolean tlsFirst, String hostNameInCertificate, String serverCertificateFilename)</StackTrace>
        </ErrorInfo>
      </Output>
    </UnitTestResult>
    <UnitTestResult executionId="ddab234d-401a-47cf-b582-1654d1a27642" testId="00b7b72c-4da1-54ed-8a10-0a73fdefc25f" testName="Quotes.Tests.Integration.QuoteEndpointsTests.GetQuotes_ReturnsOkAndIncludesCreatedQuote" computerName="4a32618f3f87" duration="00:00:00.3189750" startTime="2026-08-12T16:17:06.1821967+00:00" endTime="2026-08-12T16:17:06.8889861+00:00" testType="13cdc9d9-ddb5-4fa4-a97d-d965ccfc6d4b" outcome="Passed" testListId="8c84fa94-04c1-424b-9868-57a2d4851a1d" relativeResultsDirectory="ddab234d-401a-47cf-b582-1654d1a27642" />
    <UnitTestResult executionId="2ec988cc-dd15-4392-b595-3ecc41f38692" testId="b93f92a4-7845-d7aa-5214-e9b928288d92" testName="Quotes.Tests.Integration.SqlServerAuthEndpointsTests.Login_WithInvalidPassword_ReturnsUnauthorized" computerName="4a32618f3f87" duration="00:00:00.0010000" startTime="2026-08-12T16:18:18.1051153+00:00" endTime="2026-08-12T16:18:18.1052462+00:00" testType="13cdc9d9-ddb5-4fa4-a97d-d965ccfc6d4b" outcome="Failed" testListId="8c84fa94-04c1-424b-9868-57a2d4851a1d" relativeResultsDirectory="2ec988cc-dd15-4392-b595-3ecc41f38692">
      <Output>
        <ErrorInfo>
          <Message>Microsoft.Data.SqlClient.SqlException : A network-related or instance-specific error occurred while establishing a connection to SQL Server. The server was not found or was not accessible. Verify that the instance name is correct and that SQL Server is configured to allow remote connections. (provider: TCP Provider, error: 35 - An internal exception was caught)
---- System.Net.Sockets.SocketException : Success</Message>
          <StackTrace>   at Microsoft.Data.SqlClient.ConnectionPool.WaitHandleDbConnectionPool.TryGetConnection(DbConnection owningObject, UInt32 waitForMultipleObjectsTimeout, Boolean allowCreate, Boolean onlyOneCheckConnection, DbConnectionOptions userOptions, DbConnectionInternal&amp; connection)
   at Microsoft.Data.SqlClient.ConnectionPool.WaitHandleDbConnectionPool.TryGetConnection(DbConnection owningObject, TaskCompletionSource`1 taskCompletionSource, DbConnectionOptions userOptions, DbConnectionInternal&amp; connection)
   at Microsoft.Data.ProviderBase.DbConnectionFactory.TryGetConnection(DbConnection owningConnection, TaskCompletionSource`1 retry, DbConnectionOptions userOptions, DbConnectionInternal oldConnection, DbConnectionInternal&amp; connection)
   at Microsoft.Data.ProviderBase.DbConnectionInternal.TryOpenConnectionInternal(DbConnection outerConnection, DbConnectionFactory connectionFactory, TaskCompletionSource`1 retry, DbConnectionOptions userOptions)
   at Microsoft.Data.ProviderBase.DbConnectionClosed.TryOpenConnection(DbConnection outerConnection, DbConnectionFactory connectionFactory, TaskCompletionSource`1 retry, DbConnectionOptions userOptions)
   at Microsoft.Data.SqlClient.SqlConnection.TryOpen(TaskCompletionSource`1 retry, SqlConnectionOverrides overrides)
   at Microsoft.Data.SqlClient.SqlConnection.InternalOpenAsync(SqlConnectionOverrides overrides, CancellationToken cancellationToken)
--- End of stack trace from previous location ---
   at Quotes.Tests.Integration.SqlServerContainerFixture.CreateDatabaseAsync(String databaseName) in /workspace/Day -3/Quotes.Tests.Integration/SqlServerContainerFixture.cs:line 31
   at Quotes.Tests.Integration.SqlServerContainerFixture.CreateDatabaseAsync(String databaseName) in /workspace/Day -3/Quotes.Tests.Integration/SqlServerContainerFixture.cs:line 42
   at Quotes.Tests.Integration.SqlServerIntegrationTestBase.InitializeAsync() in /workspace/Day -3/Quotes.Tests.Integration/SqlServerIntegrationTestBase.cs:line 42
----- Inner Stack Trace -----
   at Microsoft.Data.SqlClient.ManagedSni.SniTcpHandle.Connect(String serverName, Int32 port, TimeoutTimer timeout, SqlConnectionIPAddressPreference ipPreference, String cachedFQDN, SQLDNSInfo&amp; pendingDNSInfo)
   at Microsoft.Data.SqlClient.ManagedSni.SniTcpHandle..ctor(String serverName, Int32 port, TimeoutTimer timeout, Boolean parallel, SqlConnectionIPAddressPreference ipPreference, String cachedFQDN, SQLDNSInfo&amp; pendingDNSInfo, Boolean tlsFirst, String hostNameInCertificate, String serverCertificateFilename)</StackTrace>
        </ErrorInfo>
      </Output>
    </UnitTestResult>
    <UnitTestResult executionId="a459a9f2-d9ad-44c7-a7aa-2a9393aaef93" testId="40ee2fc7-9147-0a33-f910-270b2c066eb6" testName="Quotes.Tests.Integration.SqlServerAuthEndpointsTests.Login_WithDifferentCasedEmail_SucceedsBecauseSqlServerCollationIsCaseInsensitive" computerName="4a32618f3f87" duration="00:00:00.0010000" startTime="2026-08-12T16:18:18.1032008+00:00" endTime="2026-08-12T16:18:18.1034842+00:00" testType="13cdc9d9-ddb5-4fa4-a97d-d965ccfc6d4b" outcome="Failed" testListId="8c84fa94-04c1-424b-9868-57a2d4851a1d" relativeResultsDirectory="a459a9f2-d9ad-44c7-a7aa-2a9393aaef93">
      <Output>
        <ErrorInfo>
          <Message>Microsoft.Data.SqlClient.SqlException : A network-related or instance-specific error occurred while establishing a connection to SQL Server. The server was not found or was not accessible. Verify that the instance name is correct and that SQL Server is configured to allow remote connections. (provider: TCP Provider, error: 35 - An internal exception was caught)
---- System.Net.Sockets.SocketException : Success</Message>
          <StackTrace>   at Microsoft.Data.SqlClient.ConnectionPool.WaitHandleDbConnectionPool.TryGetConnection(DbConnection owningObject, UInt32 waitForMultipleObjectsTimeout, Boolean allowCreate, Boolean onlyOneCheckConnection, DbConnectionOptions userOptions, DbConnectionInternal&amp; connection)
   at Microsoft.Data.SqlClient.ConnectionPool.WaitHandleDbConnectionPool.TryGetConnection(DbConnection owningObject, TaskCompletionSource`1 taskCompletionSource, DbConnectionOptions userOptions, DbConnectionInternal&amp; connection)
   at Microsoft.Data.ProviderBase.DbConnectionFactory.TryGetConnection(DbConnection owningConnection, TaskCompletionSource`1 retry, DbConnectionOptions userOptions, DbConnectionInternal oldConnection, DbConnectionInternal&amp; connection)
   at Microsoft.Data.ProviderBase.DbConnectionInternal.TryOpenConnectionInternal(DbConnection outerConnection, DbConnectionFactory connectionFactory, TaskCompletionSource`1 retry, DbConnectionOptions userOptions)
   at Microsoft.Data.ProviderBase.DbConnectionClosed.TryOpenConnection(DbConnection outerConnection, DbConnectionFactory connectionFactory, TaskCompletionSource`1 retry, DbConnectionOptions userOptions)
   at Microsoft.Data.SqlClient.SqlConnection.TryOpen(TaskCompletionSource`1 retry, SqlConnectionOverrides overrides)
   at Microsoft.Data.SqlClient.SqlConnection.InternalOpenAsync(SqlConnectionOverrides overrides, CancellationToken cancellationToken)
--- End of stack trace from previous location ---
   at Quotes.Tests.Integration.SqlServerContainerFixture.CreateDatabaseAsync(String databaseName) in /workspace/Day -3/Quotes.Tests.Integration/SqlServerContainerFixture.cs:line 31
   at Quotes.Tests.Integration.SqlServerContainerFixture.CreateDatabaseAsync(String databaseName) in /workspace/Day -3/Quotes.Tests.Integration/SqlServerContainerFixture.cs:line 42
   at Quotes.Tests.Integration.SqlServerIntegrationTestBase.InitializeAsync() in /workspace/Day -3/Quotes.Tests.Integration/SqlServerIntegrationTestBase.cs:line 42
----- Inner Stack Trace -----
   at Microsoft.Data.SqlClient.ManagedSni.SniTcpHandle.Connect(String serverName, Int32 port, TimeoutTimer timeout, SqlConnectionIPAddressPreference ipPreference, String cachedFQDN, SQLDNSInfo&amp; pendingDNSInfo)
   at Microsoft.Data.SqlClient.ManagedSni.SniTcpHandle..ctor(String serverName, Int32 port, TimeoutTimer timeout, Boolean parallel, SqlConnectionIPAddressPreference ipPreference, String cachedFQDN, SQLDNSInfo&amp; pendingDNSInfo, Boolean tlsFirst, String hostNameInCertificate, String serverCertificateFilename)</StackTrace>
        </ErrorInfo>
      </Output>
    </UnitTestResult>
    <UnitTestResult executionId="e310b6d9-54a1-4f7c-8758-c1c46ec859ae" testId="f36e1dc7-d704-799d-9fe6-1b57b329dffa" testName="Quotes.Tests.Integration.MigrationsAndSchemaTests.Migrations_QuotesTableHasOwnerIdColumn_FromLaterMigration" computerName="4a32618f3f87" duration="00:00:00.0728808" startTime="2026-08-12T16:16:53.5315358+00:00" endTime="2026-08-12T16:17:01.4603967+00:00" testType="13cdc9d9-ddb5-4fa4-a97d-d965ccfc6d4b" outcome="Passed" testListId="8c84fa94-04c1-424b-9868-57a2d4851a1d" relativeResultsDirectory="e310b6d9-54a1-4f7c-8758-c1c46ec859ae" />
    <UnitTestResult executionId="df90f74d-a59d-4447-9eb2-09b6185581a2" testId="0765cf4d-6f8f-8087-826e-8eea4c1706bb" testName="Quotes.Tests.Integration.AuthEndpointsTests.Login_WithValidCredentials_ReturnsAccessAndRefreshTokens" computerName="4a32618f3f87" duration="00:00:01.9156900" startTime="2026-08-12T16:16:53.5312613+00:00" endTime="2026-08-12T16:17:03.2871229+00:00" testType="13cdc9d9-ddb5-4fa4-a97d-d965ccfc6d4b" outcome="Passed" testListId="8c84fa94-04c1-424b-9868-57a2d4851a1d" relativeResultsDirectory="df90f74d-a59d-4447-9eb2-09b6185581a2" />
    <UnitTestResult executionId="f6f3a972-1ebd-40a6-97be-e9899834f9fc" testId="bae01475-4d57-712f-b343-9589d17c4e47" testName="Quotes.Tests.Integration.SqlServerQuoteEndpointsTests.DeleteQuote_WithValidTokenAndOwnership_ReturnsNoContentAndRemovesQuote" computerName="4a32618f3f87" duration="00:00:00.0010000" startTime="2026-08-12T16:18:02.3881773+00:00" endTime="2026-08-12T16:18:17.9626544+00:00" testType="13cdc9d9-ddb5-4fa4-a97d-d965ccfc6d4b" outcome="Failed" testListId="8c84fa94-04c1-424b-9868-57a2d4851a1d" relativeResultsDirectory="f6f3a972-1ebd-40a6-97be-e9899834f9fc">
      <Output>
        <ErrorInfo>
          <Message>Microsoft.Data.SqlClient.SqlException : A network-related or instance-specific error occurred while establishing a connection to SQL Server. The server was not found or was not accessible. Verify that the instance name is correct and that SQL Server is configured to allow remote connections. (provider: TCP Provider, error: 35 - An internal exception was caught)
---- System.Net.Sockets.SocketException : Success</Message>
          <StackTrace>   at Microsoft.Data.SqlClient.SqlInternalConnection.OnError(SqlException exception, Boolean breakConnection, Action`1 wrapCloseInAction)
   at Microsoft.Data.SqlClient.TdsParser.ThrowExceptionAndWarning(TdsParserStateObject stateObj, SqlCommand command, Boolean callerHasConnectionLock, Boolean asyncClose)
   at Microsoft.Data.SqlClient.TdsParser.Connect(ServerInfo serverInfo, SqlInternalConnectionTds connHandler, TimeoutTimer timeout, SqlConnectionString connectionOptions, Boolean withFailover)
   at Microsoft.Data.SqlClient.SqlInternalConnectionTds.AttemptOneLogin(ServerInfo serverInfo, String newPassword, SecureString newSecurePassword, TimeoutTimer timeout, Boolean withFailover)
   at Microsoft.Data.SqlClient.SqlInternalConnectionTds.LoginNoFailover(ServerInfo serverInfo, String newPassword, SecureString newSecurePassword, Boolean redirectedUserInstance, SqlConnectionString connectionOptions, SqlCredential credential, TimeoutTimer timeout)
   at Microsoft.Data.SqlClient.SqlInternalConnectionTds.OpenLoginEnlist(TimeoutTimer timeout, SqlConnectionString connectionOptions, SqlCredential credential, String newPassword, SecureString newSecurePassword, Boolean redirectedUserInstance)
   at Microsoft.Data.SqlClient.SqlInternalConnectionTds..ctor(DbConnectionPoolIdentity identity, SqlConnectionString connectionOptions, SqlCredential credential, Object providerInfo, String newPassword, SecureString newSecurePassword, Boolean redirectedUserInstance, SqlConnectionString userConnectionOptions, SessionData reconnectSessionData, Boolean applyTransientFaultHandling, String accessToken, IDbConnectionPool pool, Func`3 accessTokenCallback)
   at Microsoft.Data.SqlClient.SqlConnectionFactory.CreateConnection(DbConnectionOptions options, DbConnectionPoolKey poolKey, DbConnectionPoolGroupProviderInfo poolGroupProviderInfo, IDbConnectionPool pool, DbConnection owningConnection, DbConnectionOptions userOptions)
   at Microsoft.Data.ProviderBase.DbConnectionFactory.CreatePooledConnection(IDbConnectionPool pool, DbConnection owningObject, DbConnectionOptions options, DbConnectionPoolKey poolKey, DbConnectionOptions userOptions)
   at Microsoft.Data.SqlClient.ConnectionPool.WaitHandleDbConnectionPool.CreateObject(DbConnection owningObject, DbConnectionOptions userOptions, DbConnectionInternal oldConnection)
   at Microsoft.Data.SqlClient.ConnectionPool.WaitHandleDbConnectionPool.UserCreateRequest(DbConnection owningObject, DbConnectionOptions userOptions, DbConnectionInternal oldConnection)
   at Microsoft.Data.SqlClient.ConnectionPool.WaitHandleDbConnectionPool.TryGetConnection(DbConnection owningObject, UInt32 waitForMultipleObjectsTimeout, Boolean allowCreate, Boolean onlyOneCheckConnection, DbConnectionOptions userOptions, DbConnectionInternal&amp; connection)
   at Microsoft.Data.SqlClient.ConnectionPool.WaitHandleDbConnectionPool.WaitForPendingOpen()
--- End of stack trace from previous location ---
   at Quotes.Tests.Integration.SqlServerContainerFixture.CreateDatabaseAsync(String databaseName) in /workspace/Day -3/Quotes.Tests.Integration/SqlServerContainerFixture.cs:line 31
   at Quotes.Tests.Integration.SqlServerContainerFixture.CreateDatabaseAsync(String databaseName) in /workspace/Day -3/Quotes.Tests.Integration/SqlServerContainerFixture.cs:line 42
   at Quotes.Tests.Integration.SqlServerIntegrationTestBase.InitializeAsync() in /workspace/Day -3/Quotes.Tests.Integration/SqlServerIntegrationTestBase.cs:line 42
----- Inner Stack Trace -----
   at Microsoft.Data.SqlClient.ManagedSni.SniTcpHandle.Connect(String serverName, Int32 port, TimeoutTimer timeout, SqlConnectionIPAddressPreference ipPreference, String cachedFQDN, SQLDNSInfo&amp; pendingDNSInfo)
   at Microsoft.Data.SqlClient.ManagedSni.SniTcpHandle..ctor(String serverName, Int32 port, TimeoutTimer timeout, Boolean parallel, SqlConnectionIPAddressPreference ipPreference, String cachedFQDN, SQLDNSInfo&amp; pendingDNSInfo, Boolean tlsFirst, String hostNameInCertificate, String serverCertificateFilename)</StackTrace>
        </ErrorInfo>
      </Output>
    </UnitTestResult>
    <UnitTestResult executionId="d1e77b1b-290a-4121-9e0d-b8980f55002e" testId="810866eb-8401-0353-83e1-8f1432bd3ef5" testName="Quotes.Tests.Integration.QuoteEndpointsTests.UpdateQuote_WithValidTokenAndOwnership_ReturnsOkWithUpdatedFields" computerName="4a32618f3f87" duration="00:00:00.3716111" startTime="2026-08-12T16:17:04.6241182+00:00" endTime="2026-08-12T16:17:05.4207483+00:00" testType="13cdc9d9-ddb5-4fa4-a97d-d965ccfc6d4b" outcome="Passed" testListId="8c84fa94-04c1-424b-9868-57a2d4851a1d" relativeResultsDirectory="d1e77b1b-290a-4121-9e0d-b8980f55002e" />
    <UnitTestResult executionId="c8f68306-5baa-4eb7-b6ac-46504da4d11f" testId="b794ba63-f35c-fddd-ea17-39bec257f0eb" testName="Quotes.Tests.Integration.MigrationsAndSchemaTests.Migrations_UniqueIndexOnUserEmail_RejectsDuplicateEmailAtTheDatabaseLevel" computerName="4a32618f3f87" duration="00:00:00.4355713" startTime="2026-08-12T16:17:01.5290558+00:00" endTime="2026-08-12T16:17:02.4062936+00:00" testType="13cdc9d9-ddb5-4fa4-a97d-d965ccfc6d4b" outcome="Passed" testListId="8c84fa94-04c1-424b-9868-57a2d4851a1d" relativeResultsDirectory="c8f68306-5baa-4eb7-b6ac-46504da4d11f" />
    <UnitTestResult executionId="860ca2ba-36c5-4765-92a1-d1190e635c93" testId="34536778-bdd1-7f27-e857-9d39900fd8c1" testName="Quotes.Tests.Integration.AuthEndpointsTests.Logout_WithValidToken_RevokesRefreshTokenAndBlocksFurtherRefresh" computerName="4a32618f3f87" duration="00:00:00.3531249" startTime="2026-08-12T16:17:04.4312718+00:00" endTime="2026-08-12T16:17:05.2096554+00:00" testType="13cdc9d9-ddb5-4fa4-a97d-d965ccfc6d4b" outcome="Passed" testListId="8c84fa94-04c1-424b-9868-57a2d4851a1d" relativeResultsDirectory="860ca2ba-36c5-4765-92a1-d1190e635c93" />
    <UnitTestResult executionId="1161489f-d9a4-4764-9538-f87a7779426d" testId="47c30de5-fdbe-9190-a6be-49cd76868851" testName="Quotes.Tests.Integration.QuoteEndpointsTests.CreateQuote_WithEmptyAuthorAndText_ReturnsValidationProblemDetails" computerName="4a32618f3f87" duration="00:00:00.4100690" startTime="2026-08-12T16:17:03.5988541+00:00" endTime="2026-08-12T16:17:04.6237311+00:00" testType="13cdc9d9-ddb5-4fa4-a97d-d965ccfc6d4b" outcome="Passed" testListId="8c84fa94-04c1-424b-9868-57a2d4851a1d" relativeResultsDirectory="1161489f-d9a4-4764-9538-f87a7779426d" />
    <UnitTestResult executionId="3df10589-a8a3-4b41-920f-f60e25b75e37" testId="ec2ccd74-f326-5ad4-b364-29f9da464e18" testName="Quotes.Tests.Integration.QuoteEndpointsTests.GetQuoteById_ReturnsOkWithMatchingQuote" computerName="4a32618f3f87" duration="00:00:01.2859414" startTime="2026-08-12T16:17:01.8298217+00:00" endTime="2026-08-12T16:17:03.5981358+00:00" testType="13cdc9d9-ddb5-4fa4-a97d-d965ccfc6d4b" outcome="Passed" testListId="8c84fa94-04c1-424b-9868-57a2d4851a1d" relativeResultsDirectory="3df10589-a8a3-4b41-920f-f60e25b75e37" />
    <UnitTestResult executionId="840914d3-fffe-4c87-9b53-cbaca2f393c2" testId="53889e4c-ac14-8752-01fa-fb033f04940c" testName="Quotes.Tests.Integration.QuoteEndpointsTests.CreateQuote_WithoutToken_ReturnsUnauthorized" computerName="4a32618f3f87" duration="00:00:00.4463049" startTime="2026-08-12T16:16:53.5266619+00:00" endTime="2026-08-12T16:17:01.8251161+00:00" testType="13cdc9d9-ddb5-4fa4-a97d-d965ccfc6d4b" outcome="Passed" testListId="8c84fa94-04c1-424b-9868-57a2d4851a1d" relativeResultsDirectory="840914d3-fffe-4c87-9b53-cbaca2f393c2" />
    <UnitTestResult executionId="0f170d58-c9f0-47f8-9f6f-9b6dd3550922" testId="f0983180-ed8c-a25e-45aa-f10203ff1270" testName="Quotes.Tests.Integration.AuthEndpointsTests.Refresh_WithFakeClockAdvancedButStillWithinValidity_Succeeds" computerName="4a32618f3f87" duration="00:00:00.6341627" startTime="2026-08-12T16:17:03.2896306+00:00" endTime="2026-08-12T16:17:04.4302531+00:00" testType="13cdc9d9-ddb5-4fa4-a97d-d965ccfc6d4b" outcome="Passed" testListId="8c84fa94-04c1-424b-9868-57a2d4851a1d" relativeResultsDirectory="0f170d58-c9f0-47f8-9f6f-9b6dd3550922" />
    <UnitTestResult executionId="6cbbf79c-8955-466f-9a7f-1a8a1f3b71e9" testId="efc9d8d1-3fe1-aa47-18ed-a27585d52822" testName="Quotes.Tests.Integration.AuthEndpointsTests.Refresh_WithValidToken_ReturnsNewTokenPair" computerName="4a32618f3f87" duration="00:00:00.3288523" startTime="2026-08-12T16:17:05.2125371+00:00" endTime="2026-08-12T16:17:05.9692146+00:00" testType="13cdc9d9-ddb5-4fa4-a97d-d965ccfc6d4b" outcome="Passed" testListId="8c84fa94-04c1-424b-9868-57a2d4851a1d" relativeResultsDirectory="6cbbf79c-8955-466f-9a7f-1a8a1f3b71e9" />
    <UnitTestResult executionId="87cb16d9-efa7-41f6-ba08-d0ab9ae7878e" testId="ff122ec6-5171-464d-1ddf-61102b18112d" testName="Quotes.Tests.Integration.QuoteEndpointsTests.DeleteQuote_WithValidTokenAndOwnership_ReturnsNoContentAndRemovesQuote" computerName="4a32618f3f87" duration="00:00:00.3257538" startTime="2026-08-12T16:17:06.8893343+00:00" endTime="2026-08-12T16:17:07.5406599+00:00" testType="13cdc9d9-ddb5-4fa4-a97d-d965ccfc6d4b" outcome="Passed" testListId="8c84fa94-04c1-424b-9868-57a2d4851a1d" relativeResultsDirectory="87cb16d9-efa7-41f6-ba08-d0ab9ae7878e" />
    <UnitTestResult executionId="6d7a5b12-2563-4a1d-b2d3-fc034585ed8f" testId="b2444b4f-18a6-449b-6532-40fa6a7c1628" testName="Quotes.Tests.Integration.SqlServerAuthEndpointsTests.Login_WithValidCredentials_ReturnsAccessAndRefreshTokens" computerName="4a32618f3f87" duration="00:00:00.0010000" startTime="2026-08-12T16:18:18.0970184+00:00" endTime="2026-08-12T16:18:18.0972376+00:00" testType="13cdc9d9-ddb5-4fa4-a97d-d965ccfc6d4b" outcome="Failed" testListId="8c84fa94-04c1-424b-9868-57a2d4851a1d" relativeResultsDirectory="6d7a5b12-2563-4a1d-b2d3-fc034585ed8f">
      <Output>
        <ErrorInfo>
          <Message>Microsoft.Data.SqlClient.SqlException : A network-related or instance-specific error occurred while establishing a connection to SQL Server. The server was not found or was not accessible. Verify that the instance name is correct and that SQL Server is configured to allow remote connections. (provider: TCP Provider, error: 35 - An internal exception was caught)
---- System.Net.Sockets.SocketException : Success</Message>
          <StackTrace>   at Microsoft.Data.SqlClient.ConnectionPool.WaitHandleDbConnectionPool.TryGetConnection(DbConnection owningObject, UInt32 waitForMultipleObjectsTimeout, Boolean allowCreate, Boolean onlyOneCheckConnection, DbConnectionOptions userOptions, DbConnectionInternal&amp; connection)
   at Microsoft.Data.SqlClient.ConnectionPool.WaitHandleDbConnectionPool.TryGetConnection(DbConnection owningObject, TaskCompletionSource`1 taskCompletionSource, DbConnectionOptions userOptions, DbConnectionInternal&amp; connection)
   at Microsoft.Data.ProviderBase.DbConnectionFactory.TryGetConnection(DbConnection owningConnection, TaskCompletionSource`1 retry, DbConnectionOptions userOptions, DbConnectionInternal oldConnection, DbConnectionInternal&amp; connection)
   at Microsoft.Data.ProviderBase.DbConnectionInternal.TryOpenConnectionInternal(DbConnection outerConnection, DbConnectionFactory connectionFactory, TaskCompletionSource`1 retry, DbConnectionOptions userOptions)
   at Microsoft.Data.ProviderBase.DbConnectionClosed.TryOpenConnection(DbConnection outerConnection, DbConnectionFactory connectionFactory, TaskCompletionSource`1 retry, DbConnectionOptions userOptions)
   at Microsoft.Data.SqlClient.SqlConnection.TryOpen(TaskCompletionSource`1 retry, SqlConnectionOverrides overrides)
   at Microsoft.Data.SqlClient.SqlConnection.InternalOpenAsync(SqlConnectionOverrides overrides, CancellationToken cancellationToken)
--- End of stack trace from previous location ---
   at Quotes.Tests.Integration.SqlServerContainerFixture.CreateDatabaseAsync(String databaseName) in /workspace/Day -3/Quotes.Tests.Integration/SqlServerContainerFixture.cs:line 31
   at Quotes.Tests.Integration.SqlServerContainerFixture.CreateDatabaseAsync(String databaseName) in /workspace/Day -3/Quotes.Tests.Integration/SqlServerContainerFixture.cs:line 42
   at Quotes.Tests.Integration.SqlServerIntegrationTestBase.InitializeAsync() in /workspace/Day -3/Quotes.Tests.Integration/SqlServerIntegrationTestBase.cs:line 42
----- Inner Stack Trace -----
   at Microsoft.Data.SqlClient.ManagedSni.SniTcpHandle.Connect(String serverName, Int32 port, TimeoutTimer timeout, SqlConnectionIPAddressPreference ipPreference, String cachedFQDN, SQLDNSInfo&amp; pendingDNSInfo)
   at Microsoft.Data.SqlClient.ManagedSni.SniTcpHandle..ctor(String serverName, Int32 port, TimeoutTimer timeout, Boolean parallel, SqlConnectionIPAddressPreference ipPreference, String cachedFQDN, SQLDNSInfo&amp; pendingDNSInfo, Boolean tlsFirst, String hostNameInCertificate, String serverCertificateFilename)</StackTrace>
        </ErrorInfo>
      </Output>
    </UnitTestResult>
    <UnitTestResult executionId="c2615510-37c6-448e-8d5e-906577e9c0a3" testId="cd84699f-b152-ba55-b166-b7cff94cba3e" testName="Quotes.Tests.Integration.AuthEndpointsTests.Refresh_AfterFakeClockAdvancesPastExpiry_ReturnsUnauthorized" computerName="4a32618f3f87" duration="00:00:00.2826003" startTime="2026-08-12T16:17:05.9717125+00:00" endTime="2026-08-12T16:17:06.7243160+00:00" testType="13cdc9d9-ddb5-4fa4-a97d-d965ccfc6d4b" outcome="Passed" testListId="8c84fa94-04c1-424b-9868-57a2d4851a1d" relativeResultsDirectory="c2615510-37c6-448e-8d5e-906577e9c0a3" />
    <UnitTestResult executionId="58ef0878-1df4-4126-bac9-bf5e8f232ed5" testId="956ced44-9783-8e87-3e72-278e8a569175" testName="Quotes.Tests.Integration.AuthEndpointsTests.Login_WithInvalidPassword_ReturnsUnauthorized" computerName="4a32618f3f87" duration="00:00:00.2783460" startTime="2026-08-12T16:17:06.7248727+00:00" endTime="2026-08-12T16:17:07.3457450+00:00" testType="13cdc9d9-ddb5-4fa4-a97d-d965ccfc6d4b" outcome="Passed" testListId="8c84fa94-04c1-424b-9868-57a2d4851a1d" relativeResultsDirectory="58ef0878-1df4-4126-bac9-bf5e8f232ed5" />
    <UnitTestResult executionId="461c6e38-8b47-45d2-8acb-98ac5edae594" testId="5001cdcf-af3d-6c0d-9488-01a725e3489e" testName="Quotes.Tests.Integration.SqlServerQuoteEndpointsTests.CreateQuote_WithValidToken_ReturnsCreated" computerName="4a32618f3f87" duration="00:00:00.0010000" startTime="2026-08-12T16:18:18.0691879+00:00" endTime="2026-08-12T16:18:18.0709979+00:00" testType="13cdc9d9-ddb5-4fa4-a97d-d965ccfc6d4b" outcome="Failed" testListId="8c84fa94-04c1-424b-9868-57a2d4851a1d" relativeResultsDirectory="461c6e38-8b47-45d2-8acb-98ac5edae594">
      <Output>
        <ErrorInfo>
          <Message>Microsoft.Data.SqlClient.SqlException : A network-related or instance-specific error occurred while establishing a connection to SQL Server. The server was not found or was not accessible. Verify that the instance name is correct and that SQL Server is configured to allow remote connections. (provider: TCP Provider, error: 35 - An internal exception was caught)
---- System.Net.Sockets.SocketException : Success</Message>
          <StackTrace>   at Microsoft.Data.SqlClient.ConnectionPool.WaitHandleDbConnectionPool.TryGetConnection(DbConnection owningObject, UInt32 waitForMultipleObjectsTimeout, Boolean allowCreate, Boolean onlyOneCheckConnection, DbConnectionOptions userOptions, DbConnectionInternal&amp; connection)
   at Microsoft.Data.SqlClient.ConnectionPool.WaitHandleDbConnectionPool.TryGetConnection(DbConnection owningObject, TaskCompletionSource`1 taskCompletionSource, DbConnectionOptions userOptions, DbConnectionInternal&amp; connection)
   at Microsoft.Data.ProviderBase.DbConnectionFactory.TryGetConnection(DbConnection owningConnection, TaskCompletionSource`1 retry, DbConnectionOptions userOptions, DbConnectionInternal oldConnection, DbConnectionInternal&amp; connection)
   at Microsoft.Data.ProviderBase.DbConnectionInternal.TryOpenConnectionInternal(DbConnection outerConnection, DbConnectionFactory connectionFactory, TaskCompletionSource`1 retry, DbConnectionOptions userOptions)
   at Microsoft.Data.ProviderBase.DbConnectionClosed.TryOpenConnection(DbConnection outerConnection, DbConnectionFactory connectionFactory, TaskCompletionSource`1 retry, DbConnectionOptions userOptions)
   at Microsoft.Data.SqlClient.SqlConnection.TryOpen(TaskCompletionSource`1 retry, SqlConnectionOverrides overrides)
   at Microsoft.Data.SqlClient.SqlConnection.InternalOpenAsync(SqlConnectionOverrides overrides, CancellationToken cancellationToken)
--- End of stack trace from previous location ---
   at Quotes.Tests.Integration.SqlServerContainerFixture.CreateDatabaseAsync(String databaseName) in /workspace/Day -3/Quotes.Tests.Integration/SqlServerContainerFixture.cs:line 31
   at Quotes.Tests.Integration.SqlServerContainerFixture.CreateDatabaseAsync(String databaseName) in /workspace/Day -3/Quotes.Tests.Integration/SqlServerContainerFixture.cs:line 42
   at Quotes.Tests.Integration.SqlServerIntegrationTestBase.InitializeAsync() in /workspace/Day -3/Quotes.Tests.Integration/SqlServerIntegrationTestBase.cs:line 42
----- Inner Stack Trace -----
   at Microsoft.Data.SqlClient.ManagedSni.SniTcpHandle.Connect(String serverName, Int32 port, TimeoutTimer timeout, SqlConnectionIPAddressPreference ipPreference, String cachedFQDN, SQLDNSInfo&amp; pendingDNSInfo)
   at Microsoft.Data.SqlClient.ManagedSni.SniTcpHandle..ctor(String serverName, Int32 port, TimeoutTimer timeout, Boolean parallel, SqlConnectionIPAddressPreference ipPreference, String cachedFQDN, SQLDNSInfo&amp; pendingDNSInfo, Boolean tlsFirst, String hostNameInCertificate, String serverCertificateFilename)</StackTrace>
        </ErrorInfo>
      </Output>
    </UnitTestResult>
    <UnitTestResult executionId="f9508e06-2056-46cb-8451-bca0dee70eae" testId="e4223dd9-516c-ee10-5646-f4100da28407" testName="Quotes.Tests.Integration.SqlServerQuoteEndpointsTests.UpdateQuote_WithValidTokenAndOwnership_ReturnsOkWithUpdatedFields" computerName="4a32618f3f87" duration="00:00:00.0010000" startTime="2026-08-12T16:18:18.0811531+00:00" endTime="2026-08-12T16:18:18.0813453+00:00" testType="13cdc9d9-ddb5-4fa4-a97d-d965ccfc6d4b" outcome="Failed" testListId="8c84fa94-04c1-424b-9868-57a2d4851a1d" relativeResultsDirectory="f9508e06-2056-46cb-8451-bca0dee70eae">
      <Output>
        <ErrorInfo>
          <Message>Microsoft.Data.SqlClient.SqlException : A network-related or instance-specific error occurred while establishing a connection to SQL Server. The server was not found or was not accessible. Verify that the instance name is correct and that SQL Server is configured to allow remote connections. (provider: TCP Provider, error: 35 - An internal exception was caught)
---- System.Net.Sockets.SocketException : Success</Message>
          <StackTrace>   at Microsoft.Data.SqlClient.ConnectionPool.WaitHandleDbConnectionPool.TryGetConnection(DbConnection owningObject, UInt32 waitForMultipleObjectsTimeout, Boolean allowCreate, Boolean onlyOneCheckConnection, DbConnectionOptions userOptions, DbConnectionInternal&amp; connection)
   at Microsoft.Data.SqlClient.ConnectionPool.WaitHandleDbConnectionPool.TryGetConnection(DbConnection owningObject, TaskCompletionSource`1 taskCompletionSource, DbConnectionOptions userOptions, DbConnectionInternal&amp; connection)
   at Microsoft.Data.ProviderBase.DbConnectionFactory.TryGetConnection(DbConnection owningConnection, TaskCompletionSource`1 retry, DbConnectionOptions userOptions, DbConnectionInternal oldConnection, DbConnectionInternal&amp; connection)
   at Microsoft.Data.ProviderBase.DbConnectionInternal.TryOpenConnectionInternal(DbConnection outerConnection, DbConnectionFactory connectionFactory, TaskCompletionSource`1 retry, DbConnectionOptions userOptions)
   at Microsoft.Data.ProviderBase.DbConnectionClosed.TryOpenConnection(DbConnection outerConnection, DbConnectionFactory connectionFactory, TaskCompletionSource`1 retry, DbConnectionOptions userOptions)
   at Microsoft.Data.SqlClient.SqlConnection.TryOpen(TaskCompletionSource`1 retry, SqlConnectionOverrides overrides)
   at Microsoft.Data.SqlClient.SqlConnection.InternalOpenAsync(SqlConnectionOverrides overrides, CancellationToken cancellationToken)
--- End of stack trace from previous location ---
   at Quotes.Tests.Integration.SqlServerContainerFixture.CreateDatabaseAsync(String databaseName) in /workspace/Day -3/Quotes.Tests.Integration/SqlServerContainerFixture.cs:line 31
   at Quotes.Tests.Integration.SqlServerContainerFixture.CreateDatabaseAsync(String databaseName) in /workspace/Day -3/Quotes.Tests.Integration/SqlServerContainerFixture.cs:line 42
   at Quotes.Tests.Integration.SqlServerIntegrationTestBase.InitializeAsync() in /workspace/Day -3/Quotes.Tests.Integration/SqlServerIntegrationTestBase.cs:line 42
----- Inner Stack Trace -----
   at Microsoft.Data.SqlClient.ManagedSni.SniTcpHandle.Connect(String serverName, Int32 port, TimeoutTimer timeout, SqlConnectionIPAddressPreference ipPreference, String cachedFQDN, SQLDNSInfo&amp; pendingDNSInfo)
   at Microsoft.Data.SqlClient.ManagedSni.SniTcpHandle..ctor(String serverName, Int32 port, TimeoutTimer timeout, Boolean parallel, SqlConnectionIPAddressPreference ipPreference, String cachedFQDN, SQLDNSInfo&amp; pendingDNSInfo, Boolean tlsFirst, String hostNameInCertificate, String serverCertificateFilename)</StackTrace>
        </ErrorInfo>
      </Output>
    </UnitTestResult>
    <UnitTestResult executionId="ef05394b-a8e1-4de7-bf07-68f36ae077d6" testId="4522bb27-af31-0c0a-7ecb-12a4f74159cf" testName="Quotes.Tests.Integration.QuoteEndpointsTests.CreateQuote_WithValidToken_ReturnsCreated" computerName="4a32618f3f87" duration="00:00:00.3392740" startTime="2026-08-12T16:17:05.4211964+00:00" endTime="2026-08-12T16:17:06.1813411+00:00" testType="13cdc9d9-ddb5-4fa4-a97d-d965ccfc6d4b" outcome="Passed" testListId="8c84fa94-04c1-424b-9868-57a2d4851a1d" relativeResultsDirectory="ef05394b-a8e1-4de7-bf07-68f36ae077d6" />
  </Results>
  <TestDefinitions>
    <UnitTest name="Quotes.Tests.Integration.SqlServerAuthEndpointsTests.Login_WithInvalidPassword_ReturnsUnauthorized" storage="/workspace/day -3/quotes.tests.integration/bin/release/net10.0/quotes.tests.integration.dll" id="b93f92a4-7845-d7aa-5214-e9b928288d92">
      <Execution id="2ec988cc-dd15-4392-b595-3ecc41f38692" />
      <TestMethod codeBase="/workspace/Day -3/Quotes.Tests.Integration/bin/Release/net10.0/Quotes.Tests.Integration.dll" adapterTypeName="executor://xunit/VsTestRunner3/netcore/" className="Quotes.Tests.Integration.SqlServerAuthEndpointsTests" name="Login_WithInvalidPassword_ReturnsUnauthorized" />
    </UnitTest>
    <UnitTest name="Quotes.Tests.Integration.AuthEndpointsTests.Login_WithValidCredentials_ReturnsAccessAndRefreshTokens" storage="/workspace/day -3/quotes.tests.integration/bin/release/net10.0/quotes.tests.integration.dll" id="0765cf4d-6f8f-8087-826e-8eea4c1706bb">
      <Execution id="df90f74d-a59d-4447-9eb2-09b6185581a2" />
      <TestMethod codeBase="/workspace/Day -3/Quotes.Tests.Integration/bin/Release/net10.0/Quotes.Tests.Integration.dll" adapterTypeName="executor://xunit/VsTestRunner3/netcore/" className="Quotes.Tests.Integration.AuthEndpointsTests" name="Login_WithValidCredentials_ReturnsAccessAndRefreshTokens" />
    </UnitTest>
    <UnitTest name="Quotes.Tests.Integration.QuoteEndpointsTests.GetQuotes_ReturnsOkAndIncludesCreatedQuote" storage="/workspace/day -3/quotes.tests.integration/bin/release/net10.0/quotes.tests.integration.dll" id="00b7b72c-4da1-54ed-8a10-0a73fdefc25f">
      <Execution id="ddab234d-401a-47cf-b582-1654d1a27642" />
      <TestMethod codeBase="/workspace/Day -3/Quotes.Tests.Integration/bin/Release/net10.0/Quotes.Tests.Integration.dll" adapterTypeName="executor://xunit/VsTestRunner3/netcore/" className="Quotes.Tests.Integration.QuoteEndpointsTests" name="GetQuotes_ReturnsOkAndIncludesCreatedQuote" />
    </UnitTest>
    <UnitTest name="Quotes.Tests.Integration.QuoteEndpointsTests.UpdateQuote_WithValidTokenAndOwnership_ReturnsOkWithUpdatedFields" storage="/workspace/day -3/quotes.tests.integration/bin/release/net10.0/quotes.tests.integration.dll" id="810866eb-8401-0353-83e1-8f1432bd3ef5">
      <Execution id="d1e77b1b-290a-4121-9e0d-b8980f55002e" />
      <TestMethod codeBase="/workspace/Day -3/Quotes.Tests.Integration/bin/Release/net10.0/Quotes.Tests.Integration.dll" adapterTypeName="executor://xunit/VsTestRunner3/netcore/" className="Quotes.Tests.Integration.QuoteEndpointsTests" name="UpdateQuote_WithValidTokenAndOwnership_ReturnsOkWithUpdatedFields" />
    </UnitTest>
    <UnitTest name="Quotes.Tests.Integration.AuthEndpointsTests.Login_WithInvalidPassword_ReturnsUnauthorized" storage="/workspace/day -3/quotes.tests.integration/bin/release/net10.0/quotes.tests.integration.dll" id="956ced44-9783-8e87-3e72-278e8a569175">
      <Execution id="58ef0878-1df4-4126-bac9-bf5e8f232ed5" />
      <TestMethod codeBase="/workspace/Day -3/Quotes.Tests.Integration/bin/Release/net10.0/Quotes.Tests.Integration.dll" adapterTypeName="executor://xunit/VsTestRunner3/netcore/" className="Quotes.Tests.Integration.AuthEndpointsTests" name="Login_WithInvalidPassword_ReturnsUnauthorized" />
    </UnitTest>
    <UnitTest name="Quotes.Tests.Integration.QuoteEndpointsTests.GetQuoteById_ReturnsOkWithMatchingQuote" storage="/workspace/day -3/quotes.tests.integration/bin/release/net10.0/quotes.tests.integration.dll" id="ec2ccd74-f326-5ad4-b364-29f9da464e18">
      <Execution id="3df10589-a8a3-4b41-920f-f60e25b75e37" />
      <TestMethod codeBase="/workspace/Day -3/Quotes.Tests.Integration/bin/Release/net10.0/Quotes.Tests.Integration.dll" adapterTypeName="executor://xunit/VsTestRunner3/netcore/" className="Quotes.Tests.Integration.QuoteEndpointsTests" name="GetQuoteById_ReturnsOkWithMatchingQuote" />
    </UnitTest>
    <UnitTest name="Quotes.Tests.Integration.QuoteEndpointsTests.CreateQuote_WithValidToken_ReturnsCreated" storage="/workspace/day -3/quotes.tests.integration/bin/release/net10.0/quotes.tests.integration.dll" id="4522bb27-af31-0c0a-7ecb-12a4f74159cf">
      <Execution id="ef05394b-a8e1-4de7-bf07-68f36ae077d6" />
      <TestMethod codeBase="/workspace/Day -3/Quotes.Tests.Integration/bin/Release/net10.0/Quotes.Tests.Integration.dll" adapterTypeName="executor://xunit/VsTestRunner3/netcore/" className="Quotes.Tests.Integration.QuoteEndpointsTests" name="CreateQuote_WithValidToken_ReturnsCreated" />
    </UnitTest>
    <UnitTest name="Quotes.Tests.Integration.SqlServerAuthEndpointsTests.Login_WithDifferentCasedEmail_SucceedsBecauseSqlServerCollationIsCaseInsensitive" storage="/workspace/day -3/quotes.tests.integration/bin/release/net10.0/quotes.tests.integration.dll" id="40ee2fc7-9147-0a33-f910-270b2c066eb6">
      <Execution id="a459a9f2-d9ad-44c7-a7aa-2a9393aaef93" />
      <TestMethod codeBase="/workspace/Day -3/Quotes.Tests.Integration/bin/Release/net10.0/Quotes.Tests.Integration.dll" adapterTypeName="executor://xunit/VsTestRunner3/netcore/" className="Quotes.Tests.Integration.SqlServerAuthEndpointsTests" name="Login_WithDifferentCasedEmail_SucceedsBecauseSqlServerCollationIsCaseInsensitive" />
    </UnitTest>
    <UnitTest name="Quotes.Tests.Integration.SqlServerQuoteEndpointsTests.DeleteQuote_WithValidTokenAndOwnership_ReturnsNoContentAndRemovesQuote" storage="/workspace/day -3/quotes.tests.integration/bin/release/net10.0/quotes.tests.integration.dll" id="bae01475-4d57-712f-b343-9589d17c4e47">
      <Execution id="f6f3a972-1ebd-40a6-97be-e9899834f9fc" />
      <TestMethod codeBase="/workspace/Day -3/Quotes.Tests.Integration/bin/Release/net10.0/Quotes.Tests.Integration.dll" adapterTypeName="executor://xunit/VsTestRunner3/netcore/" className="Quotes.Tests.Integration.SqlServerQuoteEndpointsTests" name="DeleteQuote_WithValidTokenAndOwnership_ReturnsNoContentAndRemovesQuote" />
    </UnitTest>
    <UnitTest name="Quotes.Tests.Integration.QuoteEndpointsTests.DeleteQuote_WithValidTokenAndOwnership_ReturnsNoContentAndRemovesQuote" storage="/workspace/day -3/quotes.tests.integration/bin/release/net10.0/quotes.tests.integration.dll" id="ff122ec6-5171-464d-1ddf-61102b18112d">
      <Execution id="87cb16d9-efa7-41f6-ba08-d0ab9ae7878e" />
      <TestMethod codeBase="/workspace/Day -3/Quotes.Tests.Integration/bin/Release/net10.0/Quotes.Tests.Integration.dll" adapterTypeName="executor://xunit/VsTestRunner3/netcore/" className="Quotes.Tests.Integration.QuoteEndpointsTests" name="DeleteQuote_WithValidTokenAndOwnership_ReturnsNoContentAndRemovesQuote" />
    </UnitTest>
    <UnitTest name="Quotes.Tests.Integration.MigrationsAndSchemaTests.Migrations_UniqueIndexOnUserEmail_RejectsDuplicateEmailAtTheDatabaseLevel" storage="/workspace/day -3/quotes.tests.integration/bin/release/net10.0/quotes.tests.integration.dll" id="b794ba63-f35c-fddd-ea17-39bec257f0eb">
      <Execution id="c8f68306-5baa-4eb7-b6ac-46504da4d11f" />
      <TestMethod codeBase="/workspace/Day -3/Quotes.Tests.Integration/bin/Release/net10.0/Quotes.Tests.Integration.dll" adapterTypeName="executor://xunit/VsTestRunner3/netcore/" className="Quotes.Tests.Integration.MigrationsAndSchemaTests" name="Migrations_UniqueIndexOnUserEmail_RejectsDuplicateEmailAtTheDatabaseLevel" />
    </UnitTest>
    <UnitTest name="Quotes.Tests.Integration.MigrationsAndSchemaTests.Migrations_QuotesTableHasOwnerIdColumn_FromLaterMigration" storage="/workspace/day -3/quotes.tests.integration/bin/release/net10.0/quotes.tests.integration.dll" id="f36e1dc7-d704-799d-9fe6-1b57b329dffa">
      <Execution id="e310b6d9-54a1-4f7c-8758-c1c46ec859ae" />
      <TestMethod codeBase="/workspace/Day -3/Quotes.Tests.Integration/bin/Release/net10.0/Quotes.Tests.Integration.dll" adapterTypeName="executor://xunit/VsTestRunner3/netcore/" className="Quotes.Tests.Integration.MigrationsAndSchemaTests" name="Migrations_QuotesTableHasOwnerIdColumn_FromLaterMigration" />
    </UnitTest>
    <UnitTest name="Quotes.Tests.Integration.AuthEndpointsTests.Refresh_WithValidToken_ReturnsNewTokenPair" storage="/workspace/day -3/quotes.tests.integration/bin/release/net10.0/quotes.tests.integration.dll" id="efc9d8d1-3fe1-aa47-18ed-a27585d52822">
      <Execution id="6cbbf79c-8955-466f-9a7f-1a8a1f3b71e9" />
      <TestMethod codeBase="/workspace/Day -3/Quotes.Tests.Integration/bin/Release/net10.0/Quotes.Tests.Integration.dll" adapterTypeName="executor://xunit/VsTestRunner3/netcore/" className="Quotes.Tests.Integration.AuthEndpointsTests" name="Refresh_WithValidToken_ReturnsNewTokenPair" />
    </UnitTest>
    <UnitTest name="Quotes.Tests.Integration.AuthEndpointsTests.Refresh_WithFakeClockAdvancedButStillWithinValidity_Succeeds" storage="/workspace/day -3/quotes.tests.integration/bin/release/net10.0/quotes.tests.integration.dll" id="f0983180-ed8c-a25e-45aa-f10203ff1270">
      <Execution id="0f170d58-c9f0-47f8-9f6f-9b6dd3550922" />
      <TestMethod codeBase="/workspace/Day -3/Quotes.Tests.Integration/bin/Release/net10.0/Quotes.Tests.Integration.dll" adapterTypeName="executor://xunit/VsTestRunner3/netcore/" className="Quotes.Tests.Integration.AuthEndpointsTests" name="Refresh_WithFakeClockAdvancedButStillWithinValidity_Succeeds" />
    </UnitTest>
    <UnitTest name="Quotes.Tests.Integration.QuoteEndpointsTests.CreateQuote_WithEmptyAuthorAndText_ReturnsValidationProblemDetails" storage="/workspace/day -3/quotes.tests.integration/bin/release/net10.0/quotes.tests.integration.dll" id="47c30de5-fdbe-9190-a6be-49cd76868851">
      <Execution id="1161489f-d9a4-4764-9538-f87a7779426d" />
      <TestMethod codeBase="/workspace/Day -3/Quotes.Tests.Integration/bin/Release/net10.0/Quotes.Tests.Integration.dll" adapterTypeName="executor://xunit/VsTestRunner3/netcore/" className="Quotes.Tests.Integration.QuoteEndpointsTests" name="CreateQuote_WithEmptyAuthorAndText_ReturnsValidationProblemDetails" />
    </UnitTest>
    <UnitTest name="Quotes.Tests.Integration.SqlServerAuthEndpointsTests.Refresh_AfterFakeClockAdvancesPastExpiry_ReturnsUnauthorized" storage="/workspace/day -3/quotes.tests.integration/bin/release/net10.0/quotes.tests.integration.dll" id="a9cb4921-a952-e48f-b496-bac256a186b8">
      <Execution id="245cd4e7-01f1-481f-903c-d79b184eb40a" />
      <TestMethod codeBase="/workspace/Day -3/Quotes.Tests.Integration/bin/Release/net10.0/Quotes.Tests.Integration.dll" adapterTypeName="executor://xunit/VsTestRunner3/netcore/" className="Quotes.Tests.Integration.SqlServerAuthEndpointsTests" name="Refresh_AfterFakeClockAdvancesPastExpiry_ReturnsUnauthorized" />
    </UnitTest>
    <UnitTest name="Quotes.Tests.Integration.SqlServerQuoteEndpointsTests.CreateQuote_WithValidToken_ReturnsCreated" storage="/workspace/day -3/quotes.tests.integration/bin/release/net10.0/quotes.tests.integration.dll" id="5001cdcf-af3d-6c0d-9488-01a725e3489e">
      <Execution id="461c6e38-8b47-45d2-8acb-98ac5edae594" />
      <TestMethod codeBase="/workspace/Day -3/Quotes.Tests.Integration/bin/Release/net10.0/Quotes.Tests.Integration.dll" adapterTypeName="executor://xunit/VsTestRunner3/netcore/" className="Quotes.Tests.Integration.SqlServerQuoteEndpointsTests" name="CreateQuote_WithValidToken_ReturnsCreated" />
    </UnitTest>
    <UnitTest name="Quotes.Tests.Integration.AuthEndpointsTests.Refresh_AfterFakeClockAdvancesPastExpiry_ReturnsUnauthorized" storage="/workspace/day -3/quotes.tests.integration/bin/release/net10.0/quotes.tests.integration.dll" id="cd84699f-b152-ba55-b166-b7cff94cba3e">
      <Execution id="c2615510-37c6-448e-8d5e-906577e9c0a3" />
      <TestMethod codeBase="/workspace/Day -3/Quotes.Tests.Integration/bin/Release/net10.0/Quotes.Tests.Integration.dll" adapterTypeName="executor://xunit/VsTestRunner3/netcore/" className="Quotes.Tests.Integration.AuthEndpointsTests" name="Refresh_AfterFakeClockAdvancesPastExpiry_ReturnsUnauthorized" />
    </UnitTest>
    <UnitTest name="Quotes.Tests.Integration.SqlServerQuoteEndpointsTests.GetQuotes_ReturnsOkAndIncludesCreatedQuote" storage="/workspace/day -3/quotes.tests.integration/bin/release/net10.0/quotes.tests.integration.dll" id="66f7c161-b787-a9e2-2174-493419ede01e">
      <Execution id="2e512dce-58ce-4b2c-9ba4-a6464f1a143e" />
      <TestMethod codeBase="/workspace/Day -3/Quotes.Tests.Integration/bin/Release/net10.0/Quotes.Tests.Integration.dll" adapterTypeName="executor://xunit/VsTestRunner3/netcore/" className="Quotes.Tests.Integration.SqlServerQuoteEndpointsTests" name="GetQuotes_ReturnsOkAndIncludesCreatedQuote" />
    </UnitTest>
    <UnitTest name="Quotes.Tests.Integration.QuoteEndpointsTests.CreateQuote_WithoutToken_ReturnsUnauthorized" storage="/workspace/day -3/quotes.tests.integration/bin/release/net10.0/quotes.tests.integration.dll" id="53889e4c-ac14-8752-01fa-fb033f04940c">
      <Execution id="840914d3-fffe-4c87-9b53-cbaca2f393c2" />
      <TestMethod codeBase="/workspace/Day -3/Quotes.Tests.Integration/bin/Release/net10.0/Quotes.Tests.Integration.dll" adapterTypeName="executor://xunit/VsTestRunner3/netcore/" className="Quotes.Tests.Integration.QuoteEndpointsTests" name="CreateQuote_WithoutToken_ReturnsUnauthorized" />
    </UnitTest>
    <UnitTest name="Quotes.Tests.Integration.SqlServerAuthEndpointsTests.Login_WithValidCredentials_ReturnsAccessAndRefreshTokens" storage="/workspace/day -3/quotes.tests.integration/bin/release/net10.0/quotes.tests.integration.dll" id="b2444b4f-18a6-449b-6532-40fa6a7c1628">
      <Execution id="6d7a5b12-2563-4a1d-b2d3-fc034585ed8f" />
      <TestMethod codeBase="/workspace/Day -3/Quotes.Tests.Integration/bin/Release/net10.0/Quotes.Tests.Integration.dll" adapterTypeName="executor://xunit/VsTestRunner3/netcore/" className="Quotes.Tests.Integration.SqlServerAuthEndpointsTests" name="Login_WithValidCredentials_ReturnsAccessAndRefreshTokens" />
    </UnitTest>
    <UnitTest name="Quotes.Tests.Integration.SqlServerQuoteEndpointsTests.UpdateQuote_WithValidTokenAndOwnership_ReturnsOkWithUpdatedFields" storage="/workspace/day -3/quotes.tests.integration/bin/release/net10.0/quotes.tests.integration.dll" id="e4223dd9-516c-ee10-5646-f4100da28407">
      <Execution id="f9508e06-2056-46cb-8451-bca0dee70eae" />
      <TestMethod codeBase="/workspace/Day -3/Quotes.Tests.Integration/bin/Release/net10.0/Quotes.Tests.Integration.dll" adapterTypeName="executor://xunit/VsTestRunner3/netcore/" className="Quotes.Tests.Integration.SqlServerQuoteEndpointsTests" name="UpdateQuote_WithValidTokenAndOwnership_ReturnsOkWithUpdatedFields" />
    </UnitTest>
    <UnitTest name="Quotes.Tests.Integration.AuthEndpointsTests.Logout_WithValidToken_RevokesRefreshTokenAndBlocksFurtherRefresh" storage="/workspace/day -3/quotes.tests.integration/bin/release/net10.0/quotes.tests.integration.dll" id="34536778-bdd1-7f27-e857-9d39900fd8c1">
      <Execution id="860ca2ba-36c5-4765-92a1-d1190e635c93" />
      <TestMethod codeBase="/workspace/Day -3/Quotes.Tests.Integration/bin/Release/net10.0/Quotes.Tests.Integration.dll" adapterTypeName="executor://xunit/VsTestRunner3/netcore/" className="Quotes.Tests.Integration.AuthEndpointsTests" name="Logout_WithValidToken_RevokesRefreshTokenAndBlocksFurtherRefresh" />
    </UnitTest>
  </TestDefinitions>
  <TestEntries>
    <TestEntry testId="a9cb4921-a952-e48f-b496-bac256a186b8" executionId="245cd4e7-01f1-481f-903c-d79b184eb40a" testListId="8c84fa94-04c1-424b-9868-57a2d4851a1d" />
    <TestEntry testId="66f7c161-b787-a9e2-2174-493419ede01e" executionId="2e512dce-58ce-4b2c-9ba4-a6464f1a143e" testListId="8c84fa94-04c1-424b-9868-57a2d4851a1d" />
    <TestEntry testId="00b7b72c-4da1-54ed-8a10-0a73fdefc25f" executionId="ddab234d-401a-47cf-b582-1654d1a27642" testListId="8c84fa94-04c1-424b-9868-57a2d4851a1d" />
    <TestEntry testId="b93f92a4-7845-d7aa-5214-e9b928288d92" executionId="2ec988cc-dd15-4392-b595-3ecc41f38692" testListId="8c84fa94-04c1-424b-9868-57a2d4851a1d" />
    <TestEntry testId="40ee2fc7-9147-0a33-f910-270b2c066eb6" executionId="a459a9f2-d9ad-44c7-a7aa-2a9393aaef93" testListId="8c84fa94-04c1-424b-9868-57a2d4851a1d" />
    <TestEntry testId="f36e1dc7-d704-799d-9fe6-1b57b329dffa" executionId="e310b6d9-54a1-4f7c-8758-c1c46ec859ae" testListId="8c84fa94-04c1-424b-9868-57a2d4851a1d" />
    <TestEntry testId="0765cf4d-6f8f-8087-826e-8eea4c1706bb" executionId="df90f74d-a59d-4447-9eb2-09b6185581a2" testListId="8c84fa94-04c1-424b-9868-57a2d4851a1d" />
    <TestEntry testId="bae01475-4d57-712f-b343-9589d17c4e47" executionId="f6f3a972-1ebd-40a6-97be-e9899834f9fc" testListId="8c84fa94-04c1-424b-9868-57a2d4851a1d" />
    <TestEntry testId="810866eb-8401-0353-83e1-8f1432bd3ef5" executionId="d1e77b1b-290a-4121-9e0d-b8980f55002e" testListId="8c84fa94-04c1-424b-9868-57a2d4851a1d" />
    <TestEntry testId="b794ba63-f35c-fddd-ea17-39bec257f0eb" executionId="c8f68306-5baa-4eb7-b6ac-46504da4d11f" testListId="8c84fa94-04c1-424b-9868-57a2d4851a1d" />
    <TestEntry testId="34536778-bdd1-7f27-e857-9d39900fd8c1" executionId="860ca2ba-36c5-4765-92a1-d1190e635c93" testListId="8c84fa94-04c1-424b-9868-57a2d4851a1d" />
    <TestEntry testId="47c30de5-fdbe-9190-a6be-49cd76868851" executionId="1161489f-d9a4-4764-9538-f87a7779426d" testListId="8c84fa94-04c1-424b-9868-57a2d4851a1d" />
    <TestEntry testId="ec2ccd74-f326-5ad4-b364-29f9da464e18" executionId="3df10589-a8a3-4b41-920f-f60e25b75e37" testListId="8c84fa94-04c1-424b-9868-57a2d4851a1d" />
    <TestEntry testId="53889e4c-ac14-8752-01fa-fb033f04940c" executionId="840914d3-fffe-4c87-9b53-cbaca2f393c2" testListId="8c84fa94-04c1-424b-9868-57a2d4851a1d" />
    <TestEntry testId="f0983180-ed8c-a25e-45aa-f10203ff1270" executionId="0f170d58-c9f0-47f8-9f6f-9b6dd3550922" testListId="8c84fa94-04c1-424b-9868-57a2d4851a1d" />
    <TestEntry testId="efc9d8d1-3fe1-aa47-18ed-a27585d52822" executionId="6cbbf79c-8955-466f-9a7f-1a8a1f3b71e9" testListId="8c84fa94-04c1-424b-9868-57a2d4851a1d" />
    <TestEntry testId="ff122ec6-5171-464d-1ddf-61102b18112d" executionId="87cb16d9-efa7-41f6-ba08-d0ab9ae7878e" testListId="8c84fa94-04c1-424b-9868-57a2d4851a1d" />
    <TestEntry testId="b2444b4f-18a6-449b-6532-40fa6a7c1628" executionId="6d7a5b12-2563-4a1d-b2d3-fc034585ed8f" testListId="8c84fa94-04c1-424b-9868-57a2d4851a1d" />
    <TestEntry testId="cd84699f-b152-ba55-b166-b7cff94cba3e" executionId="c2615510-37c6-448e-8d5e-906577e9c0a3" testListId="8c84fa94-04c1-424b-9868-57a2d4851a1d" />
    <TestEntry testId="956ced44-9783-8e87-3e72-278e8a569175" executionId="58ef0878-1df4-4126-bac9-bf5e8f232ed5" testListId="8c84fa94-04c1-424b-9868-57a2d4851a1d" />
    <TestEntry testId="5001cdcf-af3d-6c0d-9488-01a725e3489e" executionId="461c6e38-8b47-45d2-8acb-98ac5edae594" testListId="8c84fa94-04c1-424b-9868-57a2d4851a1d" />
    <TestEntry testId="e4223dd9-516c-ee10-5646-f4100da28407" executionId="f9508e06-2056-46cb-8451-bca0dee70eae" testListId="8c84fa94-04c1-424b-9868-57a2d4851a1d" />
    <TestEntry testId="4522bb27-af31-0c0a-7ecb-12a4f74159cf" executionId="ef05394b-a8e1-4de7-bf07-68f36ae077d6" testListId="8c84fa94-04c1-424b-9868-57a2d4851a1d" />
  </TestEntries>
  <TestLists>
    <TestList name="Results Not in a List" id="8c84fa94-04c1-424b-9868-57a2d4851a1d" />
    <TestList name="All Loaded Results" id="19431567-8539-422a-85d7-44ee4e166bda" />
  </TestLists>
  <ResultSummary outcome="Failed">
    <Counters total="23" executed="23" passed="15" failed="8" error="0" timeout="0" aborted="0" inconclusive="0" passedButRunAborted="0" notRunnable="0" notExecuted="0" disconnected="0" warning="0" completed="0" inProgress="0" pending="0" />
    <Output>
      <StdOut>[xUnit.net 00:00:00.01] xUnit.net VSTest Adapter v3.1.4+50e68bbb8b (64-bit .NET 10.0.11)
[xUnit.net 00:00:00.31]   Discovering: Quotes.Tests.Integration
[xUnit.net 00:00:00.46]   Discovered:  Quotes.Tests.Integration
[xUnit.net 00:00:00.52]   Starting:    Quotes.Tests.Integration
warn: Microsoft.AspNetCore.DataProtection.Repositories.FileSystemXmlRepository[60]
      Storing keys in a directory '/root/.aspnet/DataProtection-Keys' that may not be persisted outside of the container. Protected data will be unavailable when container is destroyed. For more information go to https://aka.ms/aspnet/dataprotectionwarning
warn: Microsoft.AspNetCore.DataProtection.Repositories.FileSystemXmlRepository[60]
      Storing keys in a directory '/root/.aspnet/DataProtection-Keys' that may not be persisted outside of the container. Protected data will be unavailable when container is destroyed. For more information go to https://aka.ms/aspnet/dataprotectionwarning
warn: Microsoft.AspNetCore.DataProtection.Repositories.FileSystemXmlRepository[60]
      Storing keys in a directory '/root/.aspnet/DataProtection-Keys' that may not be persisted outside of the container. Protected data will be unavailable when container is destroyed. For more information go to https://aka.ms/aspnet/dataprotectionwarning
warn: Microsoft.AspNetCore.DataProtection.KeyManagement.XmlKeyManager[35]
      No XML encryptor configured. Key {c835f1a6-9f2c-4873-95ea-72262a62a105} may be persisted to storage in unencrypted form.
warn: Microsoft.AspNetCore.DataProtection.KeyManagement.XmlKeyManager[35]
      No XML encryptor configured. Key {cd5d0b19-cb54-49b4-b6b2-75ac9f000b45} may be persisted to storage in unencrypted form.
warn: Microsoft.AspNetCore.DataProtection.KeyManagement.XmlKeyManager[35]
      No XML encryptor configured. Key {6a316be3-32c1-4b0a-9ae4-70a5e06054c7} may be persisted to storage in unencrypted form.
[testcontainers.org 00:00:01.27] Connected to Docker:
  Host: unix:///var/run/docker.sock
  Server Version: 29.7.2
  Kernel Version: 6.18.33.2-microsoft-standard-WSL2
  API Version: 1.55
  Operating System: Docker Desktop
  Total Memory: 3.68 GB
  Labels: 
    com.docker.desktop.address=npipe://\\.\pipe\docker_cli
info: Microsoft.Hosting.Lifetime[14]
      Now listening on: http://*:8080
info: Microsoft.Hosting.Lifetime[14]
      Now listening on: http://*:8080
info: Microsoft.Hosting.Lifetime[14]
      Now listening on: http://*:8080
info: Microsoft.Hosting.Lifetime[0]
      Application started. Press Ctrl+C to shut down.
info: Microsoft.Hosting.Lifetime[0]
      Application started. Press Ctrl+C to shut down.
info: Microsoft.Hosting.Lifetime[0]
      Application started. Press Ctrl+C to shut down.
info: Microsoft.Hosting.Lifetime[0]
      Hosting environment: Testing
info: Microsoft.Hosting.Lifetime[0]
      Content root path: /workspace/Day -3/QuotesApi
info: Microsoft.Hosting.Lifetime[0]
      Hosting environment: Testing
info: Microsoft.Hosting.Lifetime[0]
      Content root path: /workspace/Day -3/QuotesApi
info: Microsoft.Hosting.Lifetime[0]
      Hosting environment: Testing
info: Microsoft.Hosting.Lifetime[0]
      Content root path: /workspace/Day -3/QuotesApi
[testcontainers.org 00:00:02.44] Docker container cbfd2e6b6b09 created
[testcontainers.org 00:00:02.91] Start Docker container cbfd2e6b6b09
info: Microsoft.EntityFrameworkCore.Migrations[20411]
      Acquiring an exclusive lock for migration application. See https://aka.ms/efcore-docs-migrations-lock for more information if this takes too long.
info: Microsoft.EntityFrameworkCore.Migrations[20411]
      Acquiring an exclusive lock for migration application. See https://aka.ms/efcore-docs-migrations-lock for more information if this takes too long.
info: Microsoft.EntityFrameworkCore.Migrations[20411]
      Acquiring an exclusive lock for migration application. See https://aka.ms/efcore-docs-migrations-lock for more information if this takes too long.
[testcontainers.org 00:00:05.29] Wait for Docker container cbfd2e6b6b09 to complete readiness checks
info: Microsoft.EntityFrameworkCore.Database.Command[20101]
      Executed DbCommand (80ms) [Parameters=[], CommandType='Text', CommandTimeout='30']
      SELECT COUNT(*) FROM "sqlite_master" WHERE "name" = '__EFMigrationsLock' AND "type" = 'table';
info: Microsoft.EntityFrameworkCore.Database.Command[20101]
      Executed DbCommand (80ms) [Parameters=[], CommandType='Text', CommandTimeout='30']
      SELECT COUNT(*) FROM "sqlite_master" WHERE "name" = '__EFMigrationsLock' AND "type" = 'table';
info: Microsoft.EntityFrameworkCore.Database.Command[20101]
      Executed DbCommand (80ms) [Parameters=[], CommandType='Text', CommandTimeout='30']
      SELECT COUNT(*) FROM "sqlite_master" WHERE "name" = '__EFMigrationsLock' AND "type" = 'table';
info: Microsoft.EntityFrameworkCore.Database.Command[20101]
      Executed DbCommand (10ms) [Parameters=[], CommandType='Text', CommandTimeout='30']
      CREATE TABLE IF NOT EXISTS "__EFMigrationsLock" (
          "Id" INTEGER NOT NULL CONSTRAINT "PK___EFMigrationsLock" PRIMARY KEY,
          "Timestamp" TEXT NOT NULL
      );
info: Microsoft.EntityFrameworkCore.Database.Command[20101]
      Executed DbCommand (10ms) [Parameters=[], CommandType='Text', CommandTimeout='30']
      CREATE TABLE IF NOT EXISTS "__EFMigrationsLock" (
          "Id" INTEGER NOT NULL CONSTRAINT "PK___EFMigrationsLock" PRIMARY KEY,
          "Timestamp" TEXT NOT NULL
      );
info: Microsoft.EntityFrameworkCore.Database.Command[20101]
      Executed DbCommand (10ms) [Parameters=[], CommandType='Text', CommandTimeout='30']
      CREATE TABLE IF NOT EXISTS "__EFMigrationsLock" (
          "Id" INTEGER NOT NULL CONSTRAINT "PK___EFMigrationsLock" PRIMARY KEY,
          "Timestamp" TEXT NOT NULL
      );
info: Microsoft.EntityFrameworkCore.Database.Command[20101]
      Executed DbCommand (0ms) [Parameters=[], CommandType='Text', CommandTimeout='30']
      INSERT OR IGNORE INTO "__EFMigrationsLock"("Id", "Timestamp") VALUES(1, '2026-08-12 16:16:59.3964943+00:00');
      SELECT changes();
info: Microsoft.EntityFrameworkCore.Database.Command[20101]
      Executed DbCommand (0ms) [Parameters=[], CommandType='Text', CommandTimeout='30']
      INSERT OR IGNORE INTO "__EFMigrationsLock"("Id", "Timestamp") VALUES(1, '2026-08-12 16:16:59.3964508+00:00');
      SELECT changes();
info: Microsoft.EntityFrameworkCore.Database.Command[20101]
      Executed DbCommand (0ms) [Parameters=[], CommandType='Text', CommandTimeout='30']
      INSERT OR IGNORE INTO "__EFMigrationsLock"("Id", "Timestamp") VALUES(1, '2026-08-12 16:16:59.3963197+00:00');
      SELECT changes();
[testcontainers.org 00:00:05.37] Execute "/bin/sh -c find /opt/mssql-tools*/bin/sqlcmd -type f -print -quit" at Docker container cbfd2e6b6b09
info: Microsoft.EntityFrameworkCore.Database.Command[20101]
      Executed DbCommand (2ms) [Parameters=[], CommandType='Text', CommandTimeout='30']
      CREATE TABLE IF NOT EXISTS "__EFMigrationsHistory" (
          "MigrationId" TEXT NOT NULL CONSTRAINT "PK___EFMigrationsHistory" PRIMARY KEY,
          "ProductVersion" TEXT NOT NULL
      );
info: Microsoft.EntityFrameworkCore.Database.Command[20101]
      Executed DbCommand (2ms) [Parameters=[], CommandType='Text', CommandTimeout='30']
      CREATE TABLE IF NOT EXISTS "__EFMigrationsHistory" (
          "MigrationId" TEXT NOT NULL CONSTRAINT "PK___EFMigrationsHistory" PRIMARY KEY,
          "ProductVersion" TEXT NOT NULL
      );
info: Microsoft.EntityFrameworkCore.Database.Command[20101]
      Executed DbCommand (2ms) [Parameters=[], CommandType='Text', CommandTimeout='30']
      CREATE TABLE IF NOT EXISTS "__EFMigrationsHistory" (
          "MigrationId" TEXT NOT NULL CONSTRAINT "PK___EFMigrationsHistory" PRIMARY KEY,
          "ProductVersion" TEXT NOT NULL
      );
info: Microsoft.EntityFrameworkCore.Database.Command[20101]
      Executed DbCommand (0ms) [Parameters=[], CommandType='Text', CommandTimeout='30']
      SELECT COUNT(*) FROM "sqlite_master" WHERE "name" = '__EFMigrationsHistory' AND "type" = 'table';
info: Microsoft.EntityFrameworkCore.Database.Command[20101]
      Executed DbCommand (0ms) [Parameters=[], CommandType='Text', CommandTimeout='30']
      SELECT COUNT(*) FROM "sqlite_master" WHERE "name" = '__EFMigrationsHistory' AND "type" = 'table';
info: Microsoft.EntityFrameworkCore.Database.Command[20101]
      Executed DbCommand (0ms) [Parameters=[], CommandType='Text', CommandTimeout='30']
      SELECT COUNT(*) FROM "sqlite_master" WHERE "name" = '__EFMigrationsHistory' AND "type" = 'table';
info: Microsoft.EntityFrameworkCore.Database.Command[20101]
      Executed DbCommand (3ms) [Parameters=[], CommandType='Text', CommandTimeout='30']
      SELECT "MigrationId", "ProductVersion"
      FROM "__EFMigrationsHistory"
      ORDER BY "MigrationId";
info: Microsoft.EntityFrameworkCore.Database.Command[20101]
      Executed DbCommand (3ms) [Parameters=[], CommandType='Text', CommandTimeout='30']
      SELECT "MigrationId", "ProductVersion"
      FROM "__EFMigrationsHistory"
      ORDER BY "MigrationId";
info: Microsoft.EntityFrameworkCore.Database.Command[20101]
      Executed DbCommand (3ms) [Parameters=[], CommandType='Text', CommandTimeout='30']
      SELECT "MigrationId", "ProductVersion"
      FROM "__EFMigrationsHistory"
      ORDER BY "MigrationId";
info: Microsoft.EntityFrameworkCore.Migrations[20402]
      Applying migration '20260810090532_InitialCreate'.
info: Microsoft.EntityFrameworkCore.Migrations[20402]
      Applying migration '20260810090532_InitialCreate'.
info: Microsoft.EntityFrameworkCore.Migrations[20402]
      Applying migration '20260810090532_InitialCreate'.
info: Microsoft.EntityFrameworkCore.Database.Command[20101]
      Executed DbCommand (1ms) [Parameters=[], CommandType='Text', CommandTimeout='30']
      CREATE TABLE "Quotes" (
          "Id" INTEGER NOT NULL CONSTRAINT "PK_Quotes" PRIMARY KEY AUTOINCREMENT,
          "Author" TEXT NOT NULL,
          "Text" TEXT NOT NULL
      );
info: Microsoft.EntityFrameworkCore.Database.Command[20101]
      Executed DbCommand (1ms) [Parameters=[], CommandType='Text', CommandTimeout='30']
      CREATE TABLE "Quotes" (
          "Id" INTEGER NOT NULL CONSTRAINT "PK_Quotes" PRIMARY KEY AUTOINCREMENT,
          "Author" TEXT NOT NULL,
          "Text" TEXT NOT NULL
      );
info: Microsoft.EntityFrameworkCore.Database.Command[20101]
      Executed DbCommand (1ms) [Parameters=[], CommandType='Text', CommandTimeout='30']
      CREATE TABLE "Quotes" (
          "Id" INTEGER NOT NULL CONSTRAINT "PK_Quotes" PRIMARY KEY AUTOINCREMENT,
          "Author" TEXT NOT NULL,
          "Text" TEXT NOT NULL
      );
info: Microsoft.EntityFrameworkCore.Database.Command[20101]
      Executed DbCommand (0ms) [Parameters=[], CommandType='Text', CommandTimeout='30']
      INSERT INTO "__EFMigrationsHistory" ("MigrationId", "ProductVersion")
      VALUES ('20260810090532_InitialCreate', '10.0.10');
info: Microsoft.EntityFrameworkCore.Database.Command[20101]
      Executed DbCommand (0ms) [Parameters=[], CommandType='Text', CommandTimeout='30']
      INSERT INTO "__EFMigrationsHistory" ("MigrationId", "ProductVersion")
      VALUES ('20260810090532_InitialCreate', '10.0.10');
info: Microsoft.EntityFrameworkCore.Migrations[20402]
      Applying migration '20260811044705_AddCreatedAtToQuote'.
info: Microsoft.EntityFrameworkCore.Database.Command[20101]
      Executed DbCommand (0ms) [Parameters=[], CommandType='Text', CommandTimeout='30']
      INSERT INTO "__EFMigrationsHistory" ("MigrationId", "ProductVersion")
      VALUES ('20260810090532_InitialCreate', '10.0.10');
info: Microsoft.EntityFrameworkCore.Migrations[20402]
      Applying migration '20260811044705_AddCreatedAtToQuote'.
info: Microsoft.EntityFrameworkCore.Migrations[20402]
      Applying migration '20260811044705_AddCreatedAtToQuote'.
info: Microsoft.EntityFrameworkCore.Database.Command[20101]
      Executed DbCommand (1ms) [Parameters=[], CommandType='Text', CommandTimeout='30']
      ALTER TABLE "Quotes" ADD "CreatedAt" TEXT NOT NULL DEFAULT '0001-01-01 00:00:00+00:00';
info: Microsoft.EntityFrameworkCore.Database.Command[20101]
      Executed DbCommand (0ms) [Parameters=[], CommandType='Text', CommandTimeout='30']
      INSERT INTO "__EFMigrationsHistory" ("MigrationId", "ProductVersion")
      VALUES ('20260811044705_AddCreatedAtToQuote', '10.0.10');
info: Microsoft.EntityFrameworkCore.Migrations[20402]
      Applying migration '20260811093000_AddUsersTable'.
info: Microsoft.EntityFrameworkCore.Database.Command[20101]
      Executed DbCommand (3ms) [Parameters=[], CommandType='Text', CommandTimeout='30']
      ALTER TABLE "Quotes" ADD "CreatedAt" TEXT NOT NULL DEFAULT '0001-01-01 00:00:00+00:00';
info: Microsoft.EntityFrameworkCore.Database.Command[20101]
      Executed DbCommand (2ms) [Parameters=[], CommandType='Text', CommandTimeout='30']
      ALTER TABLE "Quotes" ADD "CreatedAt" TEXT NOT NULL DEFAULT '0001-01-01 00:00:00+00:00';
info: Microsoft.EntityFrameworkCore.Database.Command[20101]
      Executed DbCommand (0ms) [Parameters=[], CommandType='Text', CommandTimeout='30']
      INSERT INTO "__EFMigrationsHistory" ("MigrationId", "ProductVersion")
      VALUES ('20260811044705_AddCreatedAtToQuote', '10.0.10');
info: Microsoft.EntityFrameworkCore.Database.Command[20101]
      Executed DbCommand (1ms) [Parameters=[], CommandType='Text', CommandTimeout='30']
      INSERT INTO "__EFMigrationsHistory" ("MigrationId", "ProductVersion")
      VALUES ('20260811044705_AddCreatedAtToQuote', '10.0.10');
info: Microsoft.EntityFrameworkCore.Migrations[20402]
      Applying migration '20260811093000_AddUsersTable'.
info: Microsoft.EntityFrameworkCore.Migrations[20402]
      Applying migration '20260811093000_AddUsersTable'.
info: Microsoft.EntityFrameworkCore.Database.Command[20101]
      Executed DbCommand (0ms) [Parameters=[], CommandType='Text', CommandTimeout='30']
      CREATE TABLE "Users" (
          "Id" INTEGER NOT NULL CONSTRAINT "PK_Users" PRIMARY KEY AUTOINCREMENT,
          "Email" TEXT NOT NULL,
          "PasswordHash" TEXT NOT NULL
      );
info: Microsoft.EntityFrameworkCore.Database.Command[20101]
      Executed DbCommand (0ms) [Parameters=[], CommandType='Text', CommandTimeout='30']
      INSERT INTO "__EFMigrationsHistory" ("MigrationId", "ProductVersion")
      VALUES ('20260811093000_AddUsersTable', '10.0.10');
info: Microsoft.EntityFrameworkCore.Database.Command[20101]
      Executed DbCommand (0ms) [Parameters=[], CommandType='Text', CommandTimeout='30']
      CREATE TABLE "Users" (
          "Id" INTEGER NOT NULL CONSTRAINT "PK_Users" PRIMARY KEY AUTOINCREMENT,
          "Email" TEXT NOT NULL,
          "PasswordHash" TEXT NOT NULL
      );
info: Microsoft.EntityFrameworkCore.Database.Command[20101]
      Executed DbCommand (0ms) [Parameters=[], CommandType='Text', CommandTimeout='30']
      INSERT INTO "__EFMigrationsHistory" ("MigrationId", "ProductVersion")
      VALUES ('20260811093000_AddUsersTable', '10.0.10');
info: Microsoft.EntityFrameworkCore.Migrations[20402]
      Applying migration '20260811111055_AddQuoteIsDeleted'.
info: Microsoft.EntityFrameworkCore.Migrations[20402]
      Applying migration '20260811111055_AddQuoteIsDeleted'.
info: Microsoft.EntityFrameworkCore.Database.Command[20101]
      Executed DbCommand (1ms) [Parameters=[], CommandType='Text', CommandTimeout='30']
      CREATE TABLE "Users" (
          "Id" INTEGER NOT NULL CONSTRAINT "PK_Users" PRIMARY KEY AUTOINCREMENT,
          "Email" TEXT NOT NULL,
          "PasswordHash" TEXT NOT NULL
      );
info: Microsoft.EntityFrameworkCore.Database.Command[20101]
      Executed DbCommand (1ms) [Parameters=[], CommandType='Text', CommandTimeout='30']
      ALTER TABLE "Quotes" ADD "IsDeleted" INTEGER NOT NULL DEFAULT 0;
info: Microsoft.EntityFrameworkCore.Database.Command[20101]
      Executed DbCommand (1ms) [Parameters=[], CommandType='Text', CommandTimeout='30']
      ALTER TABLE "Quotes" ADD "IsDeleted" INTEGER NOT NULL DEFAULT 0;
info: Microsoft.EntityFrameworkCore.Database.Command[20101]
      Executed DbCommand (0ms) [Parameters=[], CommandType='Text', CommandTimeout='30']
      INSERT INTO "__EFMigrationsHistory" ("MigrationId", "ProductVersion")
      VALUES ('20260811111055_AddQuoteIsDeleted', '10.0.10');
info: Microsoft.EntityFrameworkCore.Migrations[20402]
      Applying migration '20260811123000_AddRefreshTokens'.
info: Microsoft.EntityFrameworkCore.Database.Command[20101]
      Executed DbCommand (0ms) [Parameters=[], CommandType='Text', CommandTimeout='30']
      INSERT INTO "__EFMigrationsHistory" ("MigrationId", "ProductVersion")
      VALUES ('20260811093000_AddUsersTable', '10.0.10');
info: Microsoft.EntityFrameworkCore.Database.Command[20101]
      Executed DbCommand (0ms) [Parameters=[], CommandType='Text', CommandTimeout='30']
      INSERT INTO "__EFMigrationsHistory" ("MigrationId", "ProductVersion")
      VALUES ('20260811111055_AddQuoteIsDeleted', '10.0.10');
info: Microsoft.EntityFrameworkCore.Migrations[20402]
      Applying migration '20260811123000_AddRefreshTokens'.
info: Microsoft.EntityFrameworkCore.Migrations[20402]
      Applying migration '20260811111055_AddQuoteIsDeleted'.
info: Microsoft.EntityFrameworkCore.Database.Command[20101]
      Executed DbCommand (0ms) [Parameters=[], CommandType='Text', CommandTimeout='30']
      ALTER TABLE "Quotes" ADD "IsDeleted" INTEGER NOT NULL DEFAULT 0;
info: Microsoft.EntityFrameworkCore.Database.Command[20101]
      Executed DbCommand (0ms) [Parameters=[], CommandType='Text', CommandTimeout='30']
      INSERT INTO "__EFMigrationsHistory" ("MigrationId", "ProductVersion")
      VALUES ('20260811111055_AddQuoteIsDeleted', '10.0.10');
info: Microsoft.EntityFrameworkCore.Migrations[20402]
      Applying migration '20260811123000_AddRefreshTokens'.
info: Microsoft.EntityFrameworkCore.Database.Command[20101]
      Executed DbCommand (1ms) [Parameters=[], CommandType='Text', CommandTimeout='30']
      CREATE TABLE "RefreshTokens" (
          "Id" INTEGER NOT NULL CONSTRAINT "PK_RefreshTokens" PRIMARY KEY AUTOINCREMENT,
          "Token" TEXT NOT NULL,
          "UserId" INTEGER NOT NULL,
          "ExpiresAt" TEXT NOT NULL,
          "RevokedAt" TEXT NULL,
          "ReplacedByToken" TEXT NULL,
          "FamilyId" TEXT NOT NULL,
          CONSTRAINT "FK_RefreshTokens_Users_UserId" FOREIGN KEY ("UserId") REFERENCES "Users" ("Id") ON DELETE CASCADE
      );
info: Microsoft.EntityFrameworkCore.Database.Command[20101]
      Executed DbCommand (1ms) [Parameters=[], CommandType='Text', CommandTimeout='30']
      CREATE TABLE "RefreshTokens" (
          "Id" INTEGER NOT NULL CONSTRAINT "PK_RefreshTokens" PRIMARY KEY AUTOINCREMENT,
          "Token" TEXT NOT NULL,
          "UserId" INTEGER NOT NULL,
          "ExpiresAt" TEXT NOT NULL,
          "RevokedAt" TEXT NULL,
          "ReplacedByToken" TEXT NULL,
          "FamilyId" TEXT NOT NULL,
          CONSTRAINT "FK_RefreshTokens_Users_UserId" FOREIGN KEY ("UserId") REFERENCES "Users" ("Id") ON DELETE CASCADE
      );
info: Microsoft.EntityFrameworkCore.Database.Command[20101]
      Executed DbCommand (1ms) [Parameters=[], CommandType='Text', CommandTimeout='30']
      CREATE TABLE "RefreshTokens" (
          "Id" INTEGER NOT NULL CONSTRAINT "PK_RefreshTokens" PRIMARY KEY AUTOINCREMENT,
          "Token" TEXT NOT NULL,
          "UserId" INTEGER NOT NULL,
          "ExpiresAt" TEXT NOT NULL,
          "RevokedAt" TEXT NULL,
          "ReplacedByToken" TEXT NULL,
          "FamilyId" TEXT NOT NULL,
          CONSTRAINT "FK_RefreshTokens_Users_UserId" FOREIGN KEY ("UserId") REFERENCES "Users" ("Id") ON DELETE CASCADE
      );
info: Microsoft.EntityFrameworkCore.Database.Command[20101]
      Executed DbCommand (0ms) [Parameters=[], CommandType='Text', CommandTimeout='30']
      CREATE INDEX "IX_RefreshTokens_UserId" ON "RefreshTokens" ("UserId");
info: Microsoft.EntityFrameworkCore.Database.Command[20101]
      Executed DbCommand (0ms) [Parameters=[], CommandType='Text', CommandTimeout='30']
      CREATE INDEX "IX_RefreshTokens_UserId" ON "RefreshTokens" ("UserId");
info: Microsoft.EntityFrameworkCore.Database.Command[20101]
      Executed DbCommand (0ms) [Parameters=[], CommandType='Text', CommandTimeout='30']
      CREATE INDEX "IX_RefreshTokens_Token" ON "RefreshTokens" ("Token");
info: Microsoft.EntityFrameworkCore.Database.Command[20101]
      Executed DbCommand (0ms) [Parameters=[], CommandType='Text', CommandTimeout='30']
      CREATE INDEX "IX_RefreshTokens_Token" ON "RefreshTokens" ("Token");
[...]
[xUnit.net 00:01:25.19]       Microsoft.Data.SqlClient.SqlException : A network-related or instance-specific error occurred while establishing a connection to SQL Server. The server was not found or was not accessible. Verify that the instance name is correct and that SQL Server is configured to allow remote connections. (provider: TCP Provider, error: 35 - An internal exception was caught)
[xUnit.net 00:01:25.20]       ---- System.Net.Sockets.SocketException : Success
[xUnit.net 00:01:25.20]       Stack Trace:
[xUnit.net 00:01:25.20]            at Microsoft.Data.SqlClient.ConnectionPool.WaitHandleDbConnectionPool.TryGetConnection(DbConnection owningObject, UInt32 waitForMultipleObjectsTimeout, Boolean allowCreate, Boolean onlyOneCheckConnection, DbConnectionOptions userOptions, DbConnectionInternal&amp; connection)
[xUnit.net 00:01:25.20]            at Microsoft.Data.SqlClient.ConnectionPool.WaitHandleDbConnectionPool.TryGetConnection(DbConnection owningObject, TaskCompletionSource`1 taskCompletionSource, DbConnectionOptions userOptions, DbConnectionInternal&amp; connection)
[xUnit.net 00:01:25.20]            at Microsoft.Data.ProviderBase.DbConnectionFactory.TryGetConnection(DbConnection owningConnection, TaskCompletionSource`1 retry, DbConnectionOptions userOptions, DbConnectionInternal oldConnection, DbConnectionInternal&amp; connection)
[xUnit.net 00:01:25.20]            at Microsoft.Data.ProviderBase.DbConnectionInternal.TryOpenConnectionInternal(DbConnection outerConnection, DbConnectionFactory connectionFactory, TaskCompletionSource`1 retry, DbConnectionOptions userOptions)
[xUnit.net 00:01:25.20]            at Microsoft.Data.ProviderBase.DbConnectionClosed.TryOpenConnection(DbConnection outerConnection, DbConnectionFactory connectionFactory, TaskCompletionSource`1 retry, DbConnectionOptions userOptions)
[xUnit.net 00:01:25.20]            at Microsoft.Data.SqlClient.SqlConnection.TryOpen(TaskCompletionSource`1 retry, SqlConnectionOverrides overrides)
[xUnit.net 00:01:25.20]            at Microsoft.Data.SqlClient.SqlConnection.InternalOpenAsync(SqlConnectionOverrides overrides, CancellationToken cancellationToken)
[xUnit.net 00:01:25.20]         --- End of stack trace from previous location ---
[xUnit.net 00:01:25.20]         /workspace/Day -3/Quotes.Tests.Integration/SqlServerContainerFixture.cs(31,0): at Quotes.Tests.Integration.SqlServerContainerFixture.CreateDatabaseAsync(String databaseName)
[xUnit.net 00:01:25.20]         /workspace/Day -3/Quotes.Tests.Integration/SqlServerContainerFixture.cs(42,0): at Quotes.Tests.Integration.SqlServerContainerFixture.CreateDatabaseAsync(String databaseName)
[xUnit.net 00:01:25.20]         /workspace/Day -3/Quotes.Tests.Integration/SqlServerIntegrationTestBase.cs(42,0): at Quotes.Tests.Integration.SqlServerIntegrationTestBase.InitializeAsync()
[xUnit.net 00:01:25.20]         ----- Inner Stack Trace -----
[xUnit.net 00:01:25.20]            at Microsoft.Data.SqlClient.ManagedSni.SniTcpHandle.Connect(String serverName, Int32 port, TimeoutTimer timeout, SqlConnectionIPAddressPreference ipPreference, String cachedFQDN, SQLDNSInfo&amp; pendingDNSInfo)
[xUnit.net 00:01:25.20]            at Microsoft.Data.SqlClient.ManagedSni.SniTcpHandle..ctor(String serverName, Int32 port, TimeoutTimer timeout, Boolean parallel, SqlConnectionIPAddressPreference ipPreference, String cachedFQDN, SQLDNSInfo&amp; pendingDNSInfo, Boolean tlsFirst, String hostNameInCertificate, String serverCertificateFilename)
[xUnit.net 00:01:25.20]       Microsoft.Data.SqlClient.SqlException : A network-related or instance-specific error occurred while establishing a connection to SQL Server. The server was not found or was not accessible. Verify that the instance name is correct and that SQL Server is configured to allow remote connections. (provider: TCP Provider, error: 35 - An internal exception was caught)
[xUnit.net 00:01:25.20]       ---- System.Net.Sockets.SocketException : Success
[xUnit.net 00:01:25.20]       Stack Trace:
[xUnit.net 00:01:25.20]            at Microsoft.Data.SqlClient.ConnectionPool.WaitHandleDbConnectionPool.TryGetConnection(DbConnection owningObject, UInt32 waitForMultipleObjectsTimeout, Boolean allowCreate, Boolean onlyOneCheckConnection, DbConnectionOptions userOptions, DbConnectionInternal&amp; connection)
[xUnit.net 00:01:25.20]            at Microsoft.Data.SqlClient.ConnectionPool.WaitHandleDbConnectionPool.TryGetConnection(DbConnection owningObject, TaskCompletionSource`1 taskCompletionSource, DbConnectionOptions userOptions, DbConnectionInternal&amp; connection)
[xUnit.net 00:01:25.20]            at Microsoft.Data.ProviderBase.DbConnectionFactory.TryGetConnection(DbConnection owningConnection, TaskCompletionSource`1 retry, DbConnectionOptions userOptions, DbConnectionInternal oldConnection, DbConnectionInternal&amp; connection)
[xUnit.net 00:01:25.20]            at Microsoft.Data.ProviderBase.DbConnectionInternal.TryOpenConnectionInternal(DbConnection outerConnection, DbConnectionFactory connectionFactory, TaskCompletionSource`1 retry, DbConnectionOptions userOptions)
[xUnit.net 00:01:25.20]            at Microsoft.Data.ProviderBase.DbConnectionClosed.TryOpenConnection(DbConnection outerConnection, DbConnectionFactory connectionFactory, TaskCompletionSource`1 retry, DbConnectionOptions userOptions)
[xUnit.net 00:01:25.20]            at Microsoft.Data.SqlClient.SqlConnection.TryOpen(TaskCompletionSource`1 retry, SqlConnectionOverrides overrides)
[xUnit.net 00:01:25.20]            at Microsoft.Data.SqlClient.SqlConnection.InternalOpenAsync(SqlConnectionOverrides overrides, CancellationToken cancellationToken)
[xUnit.net 00:01:25.20]         --- End of stack trace from previous location ---
[xUnit.net 00:01:25.20]         /workspace/Day -3/Quotes.Tests.Integration/SqlServerContainerFixture.cs(31,0): at Quotes.Tests.Integration.SqlServerContainerFixture.CreateDatabaseAsync(String databaseName)
[xUnit.net 00:01:25.20]         /workspace/Day -3/Quotes.Tests.Integration/SqlServerContainerFixture.cs(42,0): at Quotes.Tests.Integration.SqlServerContainerFixture.CreateDatabaseAsync(String databaseName)
[xUnit.net 00:01:25.21]         /workspace/Day -3/Quotes.Tests.Integration/SqlServerIntegrationTestBase.cs(42,0): at Quotes.Tests.Integration.SqlServerIntegrationTestBase.InitializeAsync()
[xUnit.net 00:01:25.21]         ----- Inner Stack Trace -----
[xUnit.net 00:01:25.21]            at Microsoft.Data.SqlClient.ManagedSni.SniTcpHandle.Connect(String serverName, Int32 port, TimeoutTimer timeout, SqlConnectionIPAddressPreference ipPreference, String cachedFQDN, SQLDNSInfo&amp; pendingDNSInfo)
[xUnit.net 00:01:25.21]            at Microsoft.Data.SqlClient.ManagedSni.SniTcpHandle..ctor(String serverName, Int32 port, TimeoutTimer timeout, Boolean parallel, SqlConnectionIPAddressPreference ipPreference, String cachedFQDN, SQLDNSInfo&amp; pendingDNSInfo, Boolean tlsFirst, String hostNameInCertificate, String serverCertificateFilename)
[xUnit.net 00:01:25.21]       Microsoft.Data.SqlClient.SqlException : A network-related or instance-specific error occurred while establishing a connection to SQL Server. The server was not found or was not accessible. Verify that the instance name is correct and that SQL Server is configured to allow remote connections. (provider: TCP Provider, error: 35 - An internal exception was caught)
[xUnit.net 00:01:25.21]       ---- System.Net.Sockets.SocketException : Success
[xUnit.net 00:01:25.21]       Stack Trace:
[xUnit.net 00:01:25.21]            at Microsoft.Data.SqlClient.ConnectionPool.WaitHandleDbConnectionPool.TryGetConnection(DbConnection owningObject, UInt32 waitForMultipleObjectsTimeout, Boolean allowCreate, Boolean onlyOneCheckConnection, DbConnectionOptions userOptions, DbConnectionInternal&amp; connection)
[xUnit.net 00:01:25.21]            at Microsoft.Data.SqlClient.ConnectionPool.WaitHandleDbConnectionPool.TryGetConnection(DbConnection owningObject, TaskCompletionSource`1 taskCompletionSource, DbConnectionOptions userOptions, DbConnectionInternal&amp; connection)
[xUnit.net 00:01:25.21]            at Microsoft.Data.ProviderBase.DbConnectionFactory.TryGetConnection(DbConnection owningConnection, TaskCompletionSource`1 retry, DbConnectionOptions userOptions, DbConnectionInternal oldConnection, DbConnectionInternal&amp; connection)
[xUnit.net 00:01:25.21]            at Microsoft.Data.ProviderBase.DbConnectionInternal.TryOpenConnectionInternal(DbConnection outerConnection, DbConnectionFactory connectionFactory, TaskCompletionSource`1 retry, DbConnectionOptions userOptions)
[xUnit.net 00:01:25.21]            at Microsoft.Data.ProviderBase.DbConnectionClosed.TryOpenConnection(DbConnection outerConnection, DbConnectionFactory connectionFactory, TaskCompletionSource`1 retry, DbConnectionOptions userOptions)
[xUnit.net 00:01:25.21]            at Microsoft.Data.SqlClient.SqlConnection.TryOpen(TaskCompletionSource`1 retry, SqlConnectionOverrides overrides)
[xUnit.net 00:01:25.21]            at Microsoft.Data.SqlClient.SqlConnection.InternalOpenAsync(SqlConnectionOverrides overrides, CancellationToken cancellationToken)
[xUnit.net 00:01:25.21]         --- End of stack trace from previous location ---
[xUnit.net 00:01:25.21]         /workspace/Day -3/Quotes.Tests.Integration/SqlServerContainerFixture.cs(31,0): at Quotes.Tests.Integration.SqlServerContainerFixture.CreateDatabaseAsync(String databaseName)
[xUnit.net 00:01:25.21]         /workspace/Day -3/Quotes.Tests.Integration/SqlServerContainerFixture.cs(42,0): at Quotes.Tests.Integration.SqlServerContainerFixture.CreateDatabaseAsync(String databaseName)
[xUnit.net 00:01:25.21]         /workspace/Day -3/Quotes.Tests.Integration/SqlServerIntegrationTestBase.cs(42,0): at Quotes.Tests.Integration.SqlServerIntegrationTestBase.InitializeAsync()
[xUnit.net 00:01:25.21]         ----- Inner Stack Trace -----
[xUnit.net 00:01:25.21]            at Microsoft.Data.SqlClient.ManagedSni.SniTcpHandle.Connect(String serverName, Int32 port, TimeoutTimer timeout, SqlConnectionIPAddressPreference ipPreference, String cachedFQDN, SQLDNSInfo&amp; pendingDNSInfo)
[xUnit.net 00:01:25.21]            at Microsoft.Data.SqlClient.ManagedSni.SniTcpHandle..ctor(String serverName, Int32 port, TimeoutTimer timeout, Boolean parallel, SqlConnectionIPAddressPreference ipPreference, String cachedFQDN, SQLDNSInfo&amp; pendingDNSInfo, Boolean tlsFirst, String hostNameInCertificate, String serverCertificateFilename)
[xUnit.net 00:01:25.22]       Microsoft.Data.SqlClient.SqlException : A network-related or instance-specific error occurred while establishing a connection to SQL Server. The server was not found or was not accessible. Verify that the instance name is correct and that SQL Server is configured to allow remote connections. (provider: TCP Provider, error: 35 - An internal exception was caught)
[xUnit.net 00:01:25.22]       ---- System.Net.Sockets.SocketException : Success
[xUnit.net 00:01:25.22]       Stack Trace:
[xUnit.net 00:01:25.22]            at Microsoft.Data.SqlClient.ConnectionPool.WaitHandleDbConnectionPool.TryGetConnection(DbConnection owningObject, UInt32 waitForMultipleObjectsTimeout, Boolean allowCreate, Boolean onlyOneCheckConnection, DbConnectionOptions userOptions, DbConnectionInternal&amp; connection)
[xUnit.net 00:01:25.22]            at Microsoft.Data.SqlClient.ConnectionPool.WaitHandleDbConnectionPool.TryGetConnection(DbConnection owningObject, TaskCompletionSource`1 taskCompletionSource, DbConnectionOptions userOptions, DbConnectionInternal&amp; connection)
[xUnit.net 00:01:25.22]            at Microsoft.Data.ProviderBase.DbConnectionFactory.TryGetConnection(DbConnection owningConnection, TaskCompletionSource`1 retry, DbConnectionOptions userOptions, DbConnectionInternal oldConnection, DbConnectionInternal&amp; connection)
[xUnit.net 00:01:25.22]            at Microsoft.Data.ProviderBase.DbConnectionInternal.TryOpenConnectionInternal(DbConnection outerConnection, DbConnectionFactory connectionFactory, TaskCompletionSource`1 retry, DbConnectionOptions userOptions)
[xUnit.net 00:01:25.22]            at Microsoft.Data.ProviderBase.DbConnectionClosed.TryOpenConnection(DbConnection outerConnection, DbConnectionFactory connectionFactory, TaskCompletionSource`1 retry, DbConnectionOptions userOptions)
[xUnit.net 00:01:25.22]            at Microsoft.Data.SqlClient.SqlConnection.TryOpen(TaskCompletionSource`1 retry, SqlConnectionOverrides overrides)
[xUnit.net 00:01:25.22]            at Microsoft.Data.SqlClient.SqlConnection.InternalOpenAsync(SqlConnectionOverrides overrides, CancellationToken cancellationToken)
[xUnit.net 00:01:25.22]         --- End of stack trace from previous location ---
[xUnit.net 00:01:25.22]         /workspace/Day -3/Quotes.Tests.Integration/SqlServerContainerFixture.cs(31,0): at Quotes.Tests.Integration.SqlServerContainerFixture.CreateDatabaseAsync(String databaseName)
[xUnit.net 00:01:25.22]         /workspace/Day -3/Quotes.Tests.Integration/SqlServerContainerFixture.cs(42,0): at Quotes.Tests.Integration.SqlServerContainerFixture.CreateDatabaseAsync(String databaseName)
[xUnit.net 00:01:25.22]         /workspace/Day -3/Quotes.Tests.Integration/SqlServerIntegrationTestBase.cs(42,0): at Quotes.Tests.Integration.SqlServerIntegrationTestBase.InitializeAsync()
[xUnit.net 00:01:25.22]         ----- Inner Stack Trace -----
[xUnit.net 00:01:25.22]            at Microsoft.Data.SqlClient.ManagedSni.SniTcpHandle.Connect(String serverName, Int32 port, TimeoutTimer timeout, SqlConnectionIPAddressPreference ipPreference, String cachedFQDN, SQLDNSInfo&amp; pendingDNSInfo)
[xUnit.net 00:01:25.22]            at Microsoft.Data.SqlClient.ManagedSni.SniTcpHandle..ctor(String serverName, Int32 port, TimeoutTimer timeout, Boolean parallel, SqlConnectionIPAddressPreference ipPreference, String cachedFQDN, SQLDNSInfo&amp; pendingDNSInfo, Boolean tlsFirst, String hostNameInCertificate, String serverCertificateFilename)
[xUnit.net 00:01:25.22]       Microsoft.Data.SqlClient.SqlException : A network-related or instance-specific error occurred while establishing a connection to SQL Server. The server was not found or was not accessible. Verify that the instance name is correct and that SQL Server is configured to allow remote connections. (provider: TCP Provider, error: 35 - An internal exception was caught)
[xUnit.net 00:01:25.22]       ---- System.Net.Sockets.SocketException : Success
[xUnit.net 00:01:25.22]       Stack Trace:
[xUnit.net 00:01:25.22]            at Microsoft.Data.SqlClient.ConnectionPool.WaitHandleDbConnectionPool.TryGetConnection(DbConnection owningObject, UInt32 waitForMultipleObjectsTimeout, Boolean allowCreate, Boolean onlyOneCheckConnection, DbConnectionOptions userOptions, DbConnectionInternal&amp; connection)
[xUnit.net 00:01:25.22]            at Microsoft.Data.SqlClient.ConnectionPool.WaitHandleDbConnectionPool.TryGetConnection(DbConnection owningObject, TaskCompletionSource`1 taskCompletionSource, DbConnectionOptions userOptions, DbConnectionInternal&amp; connection)
[xUnit.net 00:01:25.22]            at Microsoft.Data.ProviderBase.DbConnectionFactory.TryGetConnection(DbConnection owningConnection, TaskCompletionSource`1 retry, DbConnectionOptions userOptions, DbConnectionInternal oldConnection, DbConnectionInternal&amp; connection)
[xUnit.net 00:01:25.22]            at Microsoft.Data.ProviderBase.DbConnectionInternal.TryOpenConnectionInternal(DbConnection outerConnection, DbConnectionFactory connectionFactory, TaskCompletionSource`1 retry, DbConnectionOptions userOptions)
[xUnit.net 00:01:25.22]            at Microsoft.Data.ProviderBase.DbConnectionClosed.TryOpenConnection(DbConnection outerConnection, DbConnectionFactory connectionFactory, TaskCompletionSource`1 retry, DbConnectionOptions userOptions)
[xUnit.net 00:01:25.22]            at Microsoft.Data.SqlClient.SqlConnection.TryOpen(TaskCompletionSource`1 retry, SqlConnectionOverrides overrides)
[xUnit.net 00:01:25.22]            at Microsoft.Data.SqlClient.SqlConnection.InternalOpenAsync(SqlConnectionOverrides overrides, CancellationToken cancellationToken)
[xUnit.net 00:01:25.22]         --- End of stack trace from previous location ---
[xUnit.net 00:01:25.22]         /workspace/Day -3/Quotes.Tests.Integration/SqlServerContainerFixture.cs(31,0): at Quotes.Tests.Integration.SqlServerContainerFixture.CreateDatabaseAsync(String databaseName)
[xUnit.net 00:01:25.22]         /workspace/Day -3/Quotes.Tests.Integration/SqlServerContainerFixture.cs(42,0): at Quotes.Tests.Integration.SqlServerContainerFixture.CreateDatabaseAsync(String databaseName)
[xUnit.net 00:01:25.22]         /workspace/Day -3/Quotes.Tests.Integration/SqlServerIntegrationTestBase.cs(42,0): at Quotes.Tests.Integration.SqlServerIntegrationTestBase.InitializeAsync()
[xUnit.net 00:01:25.22]         ----- Inner Stack Trace -----
[xUnit.net 00:01:25.22]            at Microsoft.Data.SqlClient.ManagedSni.SniTcpHandle.Connect(String serverName, Int32 port, TimeoutTimer timeout, SqlConnectionIPAddressPreference ipPreference, String cachedFQDN, SQLDNSInfo&amp; pendingDNSInfo)
[xUnit.net 00:01:25.22]            at Microsoft.Data.SqlClient.ManagedSni.SniTcpHandle..ctor(String serverName, Int32 port, TimeoutTimer timeout, Boolean parallel, SqlConnectionIPAddressPreference ipPreference, String cachedFQDN, SQLDNSInfo&amp; pendingDNSInfo, Boolean tlsFirst, String hostNameInCertificate, String serverCertificateFilename)
[xUnit.net 00:01:26.23]   Finished:    Quotes.Tests.Integration
</StdOut>
    </Output>
    <RunInfos>
      <RunInfo computerName="4a32618f3f87" outcome="Error" timestamp="2026-08-12T16:18:18.0379922+00:00">
        <Text>[xUnit.net 00:01:25.13]     Quotes.Tests.Integration.SqlServerQuoteEndpointsTests.DeleteQuote_WithValidTokenAndOwnership_ReturnsNoContentAndRemovesQuote [FAIL]</Text>
      </RunInfo>
      <RunInfo computerName="4a32618f3f87" outcome="Error" timestamp="2026-08-12T16:18:18.1952059+00:00">
        <Text>[xUnit.net 00:01:25.18]     Quotes.Tests.Integration.SqlServerQuoteEndpointsTests.CreateQuote_WithValidToken_ReturnsCreated [FAIL]</Text>
      </RunInfo>
      <RunInfo computerName="4a32618f3f87" outcome="Error" timestamp="2026-08-12T16:18:18.1967449+00:00">
        <Text>[xUnit.net 00:01:25.19]     Quotes.Tests.Integration.SqlServerQuoteEndpointsTests.GetQuotes_ReturnsOkAndIncludesCreatedQuote [FAIL]</Text>
      </RunInfo>
      <RunInfo computerName="4a32618f3f87" outcome="Error" timestamp="2026-08-12T16:18:18.1971796+00:00">
        <Text>[xUnit.net 00:01:25.19]     Quotes.Tests.Integration.SqlServerQuoteEndpointsTests.UpdateQuote_WithValidTokenAndOwnership_ReturnsOkWithUpdatedFields [FAIL]</Text>
      </RunInfo>
      <RunInfo computerName="4a32618f3f87" outcome="Error" timestamp="2026-08-12T16:18:18.1985909+00:00">
        <Text>[xUnit.net 00:01:25.20]     Quotes.Tests.Integration.SqlServerAuthEndpointsTests.Refresh_AfterFakeClockAdvancesPastExpiry_ReturnsUnauthorized [FAIL]</Text>
      </RunInfo>
      <RunInfo computerName="4a32618f3f87" outcome="Error" timestamp="2026-08-12T16:18:18.1986925+00:00">
        <Text>[xUnit.net 00:01:25.21]     Quotes.Tests.Integration.SqlServerAuthEndpointsTests.Login_WithValidCredentials_ReturnsAccessAndRefreshTokens [FAIL]</Text>
      </RunInfo>
      <RunInfo computerName="4a32618f3f87" outcome="Error" timestamp="2026-08-12T16:18:18.1995971+00:00">
        <Text>[xUnit.net 00:01:25.22]     Quotes.Tests.Integration.SqlServerAuthEndpointsTests.Login_WithDifferentCasedEmail_SucceedsBecauseSqlServerCollationIsCaseInsensitive [FAIL]</Text>
      </RunInfo>
      <RunInfo computerName="4a32618f3f87" outcome="Error" timestamp="2026-08-12T16:18:18.1997363+00:00">
        <Text>[xUnit.net 00:01:25.22]     Quotes.Tests.Integration.SqlServerAuthEndpointsTests.Login_WithInvalidPassword_ReturnsUnauthorized [FAIL]</Text>
      </RunInfo>
    </RunInfos>
  </ResultSummary>
</TestRun>